mode: set
github.com/Quantixkvm/Quantixkvm/internal/services/auth/jwt.go:31.55,37.2 1 1
github.com/Quantixkvm/Quantixkvm/internal/services/auth/jwt.go:48.70,72.16 6 1
github.com/Quantixkvm/Quantixkvm/internal/services/auth/jwt.go:72.16,74.3 1 0
github.com/Quantixkvm/Quantixkvm/internal/services/auth/jwt.go:77.2,93.16 4 1
github.com/Quantixkvm/Quantixkvm/internal/services/auth/jwt.go:93.16,95.3 1 0
github.com/Quantixkvm/Quantixkvm/internal/services/auth/jwt.go:97.2,102.8 1 1
github.com/Quantixkvm/Quantixkvm/internal/services/auth/jwt.go:106.66,107.100 1 1
github.com/Quantixkvm/Quantixkvm/internal/services/auth/jwt.go:107.100,109.54 1 1
github.com/Quantixkvm/Quantixkvm/internal/services/auth/jwt.go:109.54,111.4 1 0
github.com/Quantixkvm/Quantixkvm/internal/services/auth/jwt.go:112.3,112.23 1 1
github.com/Quantixkvm/Quantixkvm/internal/services/auth/jwt.go:115.2,115.16 1 1
github.com/Quantixkvm/Quantixkvm/internal/services/auth/jwt.go:115.16,117.3 1 1
github.com/Quantixkvm/Quantixkvm/internal/services/auth/jwt.go:119.2,120.25 2 1
github.com/Quantixkvm/Quantixkvm/internal/services/auth/jwt.go:120.25,122.3 1 0
github.com/Quantixkvm/Quantixkvm/internal/services/auth/jwt.go:124.2,124.20 1 1
github.com/Quantixkvm/Quantixkvm/internal/services/auth/jwt.go:128.77,130.16 2 1
github.com/Quantixkvm/Quantixkvm/internal/services/auth/jwt.go:130.16,132.3 1 0
github.com/Quantixkvm/Quantixkvm/internal/services/auth/jwt.go:135.2,135.78 1 1
github.com/Quantixkvm/Quantixkvm/internal/services/auth/jwt.go:135.78,137.3 1 1
github.com/Quantixkvm/Quantixkvm/internal/services/auth/jwt.go:139.2,139.27 1 1
github.com/Quantixkvm/Quantixkvm/internal/services/auth/jwt.go:143.53,145.2 1 0
github.com/Quantixkvm/Quantixkvm/internal/services/auth/jwt.go:148.55,150.2 1 0
github.com/Quantixkvm/Quantixkvm/internal/services/auth/service.go:66.12,74.2 1 0
github.com/Quantixkvm/Quantixkvm/internal/services/auth/service.go:92.89,97.16 3 0
github.com/Quantixkvm/Quantixkvm/internal/services/auth/service.go:97.16,98.32 1 0
github.com/Quantixkvm/Quantixkvm/internal/services/auth/service.go:98.32,102.4 3 0
github.com/Quantixkvm/Quantixkvm/internal/services/auth/service.go:103.3,103.56 1 0
github.com/Quantixkvm/Quantixkvm/internal/services/auth/service.go:107.2,107.19 1 0
github.com/Quantixkvm/Quantixkvm/internal/services/auth/service.go:107.19,111.3 3 0
github.com/Quantixkvm/Quantixkvm/internal/services/auth/service.go:114.2,114.103 1 0
github.com/Quantixkvm/Quantixkvm/internal/services/auth/service.go:114.103,118.3 3 0
github.com/Quantixkvm/Quantixkvm/internal/services/auth/service.go:121.2,122.16 2 0
github.com/Quantixkvm/Quantixkvm/internal/services/auth/service.go:122.16,124.3 1 0
github.com/Quantixkvm/Quantixkvm/internal/services/auth/service.go:127.2,128.27 2 0
github.com/Quantixkvm/Quantixkvm/internal/services/auth/service.go:128.27,129.76 1 0
github.com/Quantixkvm/Quantixkvm/internal/services/auth/service.go:129.76,131.4 1 0
github.com/Quantixkvm/Quantixkvm/internal/services/auth/service.go:135.2,135.65 1 0
github.com/Quantixkvm/Quantixkvm/internal/services/auth/service.go:135.65,137.3 1 0
github.com/Quantixkvm/Quantixkvm/internal/services/auth/service.go:140.2,152.8 3 0
github.com/Quantixkvm/Quantixkvm/internal/services/auth/service.go:156.86,157.27 1 0
github.com/Quantixkvm/Quantixkvm/internal/services/auth/service.go:157.27,158.70 1 0
github.com/Quantixkvm/Quantixkvm/internal/services/auth/service.go:158.70,160.4 1 0
github.com/Quantixkvm/Quantixkvm/internal/services/auth/service.go:164.2,164.24 1 0
github.com/Quantixkvm/Quantixkvm/internal/services/auth/service.go:164.24,170.56 2 0
github.com/Quantixkvm/Quantixkvm/internal/services/auth/service.go:170.56,172.4 1 0
github.com/Quantixkvm/Quantixkvm/internal/services/auth/service.go:175.2,175.12 1 0
github.com/Quantixkvm/Quantixkvm/internal/services/auth/service.go:179.95,182.16 2 0
github.com/Quantixkvm/Quantixkvm/internal/services/auth/service.go:182.16,184.3 1 0
github.com/Quantixkvm/Quantixkvm/internal/services/auth/service.go:187.2,188.16 2 0
github.com/Quantixkvm/Quantixkvm/internal/services/auth/service.go:188.16,190.3 1 0
github.com/Quantixkvm/Quantixkvm/internal/services/auth/service.go:192.2,192.19 1 0
github.com/Quantixkvm/Quantixkvm/internal/services/auth/service.go:192.19,194.3 1 0
github.com/Quantixkvm/Quantixkvm/internal/services/auth/service.go:197.2,198.16 2 0
github.com/Quantixkvm/Quantixkvm/internal/services/auth/service.go:198.16,200.3 1 0
github.com/Quantixkvm/Quantixkvm/internal/services/auth/service.go:202.2,202.20 1 0
github.com/Quantixkvm/Quantixkvm/internal/services/auth/service.go:206.85,208.2 1 0
github.com/Quantixkvm/Quantixkvm/internal/services/auth/service.go:211.125,214.16 2 0
github.com/Quantixkvm/Quantixkvm/internal/services/auth/service.go:214.16,216.3 1 0
github.com/Quantixkvm/Quantixkvm/internal/services/auth/service.go:218.2,227.16 3 0
github.com/Quantixkvm/Quantixkvm/internal/services/auth/service.go:227.16,229.3 1 0
github.com/Quantixkvm/Quantixkvm/internal/services/auth/service.go:231.2,237.21 2 0
github.com/Quantixkvm/Quantixkvm/internal/services/auth/service.go:241.102,243.16 2 0
github.com/Quantixkvm/Quantixkvm/internal/services/auth/service.go:243.16,245.3 1 0
github.com/Quantixkvm/Quantixkvm/internal/services/auth/service.go:248.2,248.102 1 0
github.com/Quantixkvm/Quantixkvm/internal/services/auth/service.go:248.102,250.3 1 0
github.com/Quantixkvm/Quantixkvm/internal/services/auth/service.go:253.2,254.16 2 0
github.com/Quantixkvm/Quantixkvm/internal/services/auth/service.go:254.16,256.3 1 0
github.com/Quantixkvm/Quantixkvm/internal/services/auth/service.go:258.2,259.56 2 0
github.com/Quantixkvm/Quantixkvm/internal/services/auth/service.go:259.56,261.3 1 0
github.com/Quantixkvm/Quantixkvm/internal/services/auth/service.go:263.2,264.12 2 0
github.com/Quantixkvm/Quantixkvm/internal/services/auth/service.go:268.81,270.2 1 0
github.com/Quantixkvm/Quantixkvm/internal/services/auth/service.go:273.98,275.2 1 0
github.com/Quantixkvm/Quantixkvm/internal/services/auth/service.go:278.92,280.2 1 0
github.com/Quantixkvm/Quantixkvm/internal/services/auth/service.go:283.68,285.2 1 0
github.com/Quantixkvm/Quantixkvm/internal/services/auth/service.go:288.115,290.16 2 0
github.com/Quantixkvm/Quantixkvm/internal/services/auth/service.go:290.16,292.3 1 0
github.com/Quantixkvm/Quantixkvm/internal/services/auth/service.go:294.2,294.19 1 0
github.com/Quantixkvm/Quantixkvm/internal/services/auth/service.go:294.19,296.3 1 0
github.com/Quantixkvm/Quantixkvm/internal/services/auth/service.go:298.2,298.57 1 0
github.com/Quantixkvm/Quantixkvm/internal/services/auth/service.go:305.99,306.24 1 0
github.com/Quantixkvm/Quantixkvm/internal/services/auth/service.go:306.24,308.3 1 0
github.com/Quantixkvm/Quantixkvm/internal/services/auth/service.go:310.2,319.55 2 0
github.com/Quantixkvm/Quantixkvm/internal/services/auth/service.go:319.55,321.3 1 0
github.com/Quantixkvm/Quantixkvm/internal/services/auth/service.go:324.104,325.24 1 0
github.com/Quantixkvm/Quantixkvm/internal/services/auth/service.go:325.24,327.3 1 0
github.com/Quantixkvm/Quantixkvm/internal/services/auth/service.go:329.2,338.55 2 0
github.com/Quantixkvm/Quantixkvm/internal/services/auth/service.go:338.55,340.3 1 0
github.com/Quantixkvm/Quantixkvm/internal/scheduler/config.go:30.29,38.2 1 1
github.com/Quantixkvm/Quantixkvm/internal/scheduler/scheduler.go:24.102,31.2 1 1
github.com/Quantixkvm/Quantixkvm/internal/scheduler/scheduler.go:42.100,51.16 4 1
github.com/Quantixkvm/Quantixkvm/internal/scheduler/scheduler.go:51.16,54.3 2 0
github.com/Quantixkvm/Quantixkvm/internal/scheduler/scheduler.go:56.2,56.21 1 1
github.com/Quantixkvm/Quantixkvm/internal/scheduler/scheduler.go:56.21,59.3 2 1
github.com/Quantixkvm/Quantixkvm/internal/scheduler/scheduler.go:61.2,65.29 3 1
github.com/Quantixkvm/Quantixkvm/internal/scheduler/scheduler.go:65.29,66.41 1 1
github.com/Quantixkvm/Quantixkvm/internal/scheduler/scheduler.go:66.41,68.4 1 1
github.com/Quantixkvm/Quantixkvm/internal/scheduler/scheduler.go:71.2,71.24 1 1
github.com/Quantixkvm/Quantixkvm/internal/scheduler/scheduler.go:71.24,76.3 2 1
github.com/Quantixkvm/Quantixkvm/internal/scheduler/scheduler.go:78.2,87.32 4 1
github.com/Quantixkvm/Quantixkvm/internal/scheduler/scheduler.go:87.32,90.3 2 1
github.com/Quantixkvm/Quantixkvm/internal/scheduler/scheduler.go:93.2,93.41 1 1
github.com/Quantixkvm/Quantixkvm/internal/scheduler/scheduler.go:93.41,95.3 1 1
github.com/Quantixkvm/Quantixkvm/internal/scheduler/scheduler.go:97.2,111.8 3 1
github.com/Quantixkvm/Quantixkvm/internal/scheduler/scheduler.go:115.106,117.48 1 1
github.com/Quantixkvm/Quantixkvm/internal/scheduler/scheduler.go:117.48,120.3 2 0
github.com/Quantixkvm/Quantixkvm/internal/scheduler/scheduler.go:123.2,127.47 4 1
github.com/Quantixkvm/Quantixkvm/internal/scheduler/scheduler.go:127.47,135.3 2 1
github.com/Quantixkvm/Quantixkvm/internal/scheduler/scheduler.go:138.2,142.47 4 1
github.com/Quantixkvm/Quantixkvm/internal/scheduler/scheduler.go:142.47,150.3 2 0
github.com/Quantixkvm/Quantixkvm/internal/scheduler/scheduler.go:153.2,153.39 1 1
github.com/Quantixkvm/Quantixkvm/internal/scheduler/scheduler.go:153.39,155.3 1 0
github.com/Quantixkvm/Quantixkvm/internal/scheduler/scheduler.go:157.2,157.13 1 1
github.com/Quantixkvm/Quantixkvm/internal/scheduler/scheduler.go:161.103,164.36 2 1
github.com/Quantixkvm/Quantixkvm/internal/scheduler/scheduler.go:165.16,170.16 3 1
github.com/Quantixkvm/Quantixkvm/internal/scheduler/scheduler.go:170.16,172.4 1 0
github.com/Quantixkvm/Quantixkvm/internal/scheduler/scheduler.go:174.14,179.18 3 0
github.com/Quantixkvm/Quantixkvm/internal/scheduler/scheduler.go:179.18,181.4 1 0
github.com/Quantixkvm/Quantixkvm/internal/scheduler/scheduler.go:183.10,193.25 6 0
github.com/Quantixkvm/Quantixkvm/internal/scheduler/scheduler.go:193.25,195.4 1 0
github.com/Quantixkvm/Quantixkvm/internal/scheduler/scheduler.go:196.3,197.25 2 0
github.com/Quantixkvm/Quantixkvm/internal/scheduler/scheduler.go:197.25,199.4 1 0
github.com/Quantixkvm/Quantixkvm/internal/scheduler/scheduler.go:200.3,200.30 1 0
github.com/Quantixkvm/Quantixkvm/internal/scheduler/scheduler.go:204.2,204.35 1 1
github.com/Quantixkvm/Quantixkvm/internal/scheduler/scheduler.go:204.35,206.3 1 0
github.com/Quantixkvm/Quantixkvm/internal/scheduler/scheduler.go:208.2,208.14 1 1
github.com/Quantixkvm/Quantixkvm/internal/scheduler/scheduler.go:212.66,214.18 2 1
github.com/Quantixkvm/Quantixkvm/internal/scheduler/scheduler.go:214.18,216.3 1 0
github.com/Quantixkvm/Quantixkvm/internal/scheduler/scheduler.go:217.2,217.42 1 1
github.com/Quantixkvm/Quantixkvm/internal/scheduler/scheduler.go:221.69,223.18 2 1
github.com/Quantixkvm/Quantixkvm/internal/scheduler/scheduler.go:223.18,225.3 1 0
github.com/Quantixkvm/Quantixkvm/internal/scheduler/scheduler.go:226.2,226.45 1 1
github.com/Quantixkvm/Quantixkvm/internal/scheduler/scheduler.go:230.81,232.16 2 1
github.com/Quantixkvm/Quantixkvm/internal/scheduler/scheduler.go:232.16,235.3 2 0
github.com/Quantixkvm/Quantixkvm/internal/scheduler/scheduler.go:237.2,238.25 2 1
github.com/Quantixkvm/Quantixkvm/internal/scheduler/scheduler.go:238.25,241.46 1 0
github.com/Quantixkvm/Quantixkvm/internal/scheduler/scheduler.go:241.46,243.4 1 0
github.com/Quantixkvm/Quantixkvm/internal/scheduler/scheduler.go:245.2,245.14 1 1
github.com/Quantixkvm/Quantixkvm/internal/scheduler/scheduler.go:249.84,251.16 2 1
github.com/Quantixkvm/Quantixkvm/internal/scheduler/scheduler.go:251.16,254.3 2 0
github.com/Quantixkvm/Quantixkvm/internal/scheduler/scheduler.go:256.2,257.25 2 1
github.com/Quantixkvm/Quantixkvm/internal/scheduler/scheduler.go:257.25,259.46 1 0
github.com/Quantixkvm/Quantixkvm/internal/scheduler/scheduler.go:259.46,261.4 1 0
github.com/Quantixkvm/Quantixkvm/internal/scheduler/scheduler.go:263.2,263.14 1 1
github.com/Quantixkvm/Quantixkvm/internal/scheduler/scheduler.go:267.76,269.16 2 1
github.com/Quantixkvm/Quantixkvm/internal/scheduler/scheduler.go:269.16,272.3 2 0
github.com/Quantixkvm/Quantixkvm/internal/scheduler/scheduler.go:273.2,273.14 1 1
github.com/Quantixkvm/Quantixkvm/internal/scheduler/scheduler.go:277.104,278.27 1 1
github.com/Quantixkvm/Quantixkvm/internal/scheduler/scheduler.go:278.27,280.3 1 1
github.com/Quantixkvm/Quantixkvm/internal/scheduler/scheduler.go:283.2,283.43 1 0
github.com/Quantixkvm/Quantixkvm/internal/scheduler/scheduler.go:283.43,285.55 2 0
github.com/Quantixkvm/Quantixkvm/internal/scheduler/scheduler.go:285.55,286.52 1 0
github.com/Quantixkvm/Quantixkvm/internal/scheduler/scheduler.go:286.52,288.10 2 0
github.com/Quantixkvm/Quantixkvm/internal/scheduler/scheduler.go:291.3,291.13 1 0
github.com/Quantixkvm/Quantixkvm/internal/scheduler/scheduler.go:291.13,293.4 1 0
github.com/Quantixkvm/Quantixkvm/internal/scheduler/scheduler.go:297.2,297.62 1 0
github.com/Quantixkvm/Quantixkvm/internal/scheduler/scheduler.go:297.62,298.67 1 0
github.com/Quantixkvm/Quantixkvm/internal/scheduler/scheduler.go:298.67,300.4 1 0
github.com/Quantixkvm/Quantixkvm/internal/scheduler/scheduler.go:304.2,304.42 1 0
github.com/Quantixkvm/Quantixkvm/internal/scheduler/scheduler.go:304.42,305.57 1 0
github.com/Quantixkvm/Quantixkvm/internal/scheduler/scheduler.go:305.57,306.33 1 0
github.com/Quantixkvm/Quantixkvm/internal/scheduler/scheduler.go:306.33,314.5 2 0
github.com/Quantixkvm/Quantixkvm/internal/scheduler/scheduler.go:319.2,319.45 1 0
github.com/Quantixkvm/Quantixkvm/internal/scheduler/scheduler.go:319.45,321.17 2 0
github.com/Quantixkvm/Quantixkvm/internal/scheduler/scheduler.go:321.17,324.4 2 0
github.com/Quantixkvm/Quantixkvm/internal/scheduler/scheduler.go:326.3,326.26 1 0
github.com/Quantixkvm/Quantixkvm/internal/scheduler/scheduler.go:326.26,327.68 1 0
github.com/Quantixkvm/Quantixkvm/internal/scheduler/scheduler.go:327.68,328.34 1 0
github.com/Quantixkvm/Quantixkvm/internal/scheduler/scheduler.go:328.34,334.6 2 0
github.com/Quantixkvm/Quantixkvm/internal/scheduler/scheduler.go:339.2,339.13 1 0
github.com/Quantixkvm/Quantixkvm/internal/scheduler/scheduler.go:343.85,344.70 1 1
github.com/Quantixkvm/Quantixkvm/internal/scheduler/scheduler.go:344.70,346.3 1 1
github.com/Quantixkvm/Quantixkvm/internal/scheduler/scheduler.go:349.2,349.64 1 0
github.com/Quantixkvm/Quantixkvm/internal/scheduler/scheduler.go:349.64,350.69 1 0
github.com/Quantixkvm/Quantixkvm/internal/scheduler/scheduler.go:350.69,352.4 1 0
github.com/Quantixkvm/Quantixkvm/internal/scheduler/scheduler.go:355.2,355.14 1 0
github.com/Quantixkvm/Quantixkvm/internal/ha/manager.go:97.12,109.2 1 0
github.com/Quantixkvm/Quantixkvm/internal/ha/manager.go:112.46,113.23 1 0
github.com/Quantixkvm/Quantixkvm/internal/ha/manager.go:113.23,116.3 2 0
github.com/Quantixkvm/Quantixkvm/internal/ha/manager.go:118.2,119.17 2 0
github.com/Quantixkvm/Quantixkvm/internal/ha/manager.go:119.17,122.3 2 0
github.com/Quantixkvm/Quantixkvm/internal/ha/manager.go:123.2,134.6 6 0
github.com/Quantixkvm/Quantixkvm/internal/ha/manager.go:134.6,135.10 1 0
github.com/Quantixkvm/Quantixkvm/internal/ha/manager.go:136.21,141.10 5 0
github.com/Quantixkvm/Quantixkvm/internal/ha/manager.go:142.19,143.21 1 0
github.com/Quantixkvm/Quantixkvm/internal/ha/manager.go:149.51,151.59 1 0
github.com/Quantixkvm/Quantixkvm/internal/ha/manager.go:151.59,153.3 1 0
github.com/Quantixkvm/Quantixkvm/internal/ha/manager.go:155.2,156.16 2 0
github.com/Quantixkvm/Quantixkvm/internal/ha/manager.go:156.16,159.3 2 0
github.com/Quantixkvm/Quantixkvm/internal/ha/manager.go:161.2,161.29 1 0
github.com/Quantixkvm/Quantixkvm/internal/ha/manager.go:161.29,163.3 1 0
github.com/Quantixkvm/Quantixkvm/internal/ha/manager.go:167.69,170.13 3 0
github.com/Quantixkvm/Quantixkvm/internal/ha/manager.go:170.13,177.3 2 0
github.com/Quantixkvm/Quantixkvm/internal/ha/manager.go:178.2,182.31 3 0
github.com/Quantixkvm/Quantixkvm/internal/ha/manager.go:182.31,184.3 1 0
github.com/Quantixkvm/Quantixkvm/internal/ha/manager.go:184.8,186.3 1 0
github.com/Quantixkvm/Quantixkvm/internal/ha/manager.go:187.2,189.15 2 0
github.com/Quantixkvm/Quantixkvm/internal/ha/manager.go:189.15,191.46 1 0
github.com/Quantixkvm/Quantixkvm/internal/ha/manager.go:191.46,196.4 1 0
github.com/Quantixkvm/Quantixkvm/internal/ha/manager.go:197.3,197.32 1 0
github.com/Quantixkvm/Quantixkvm/internal/ha/manager.go:197.32,199.4 1 0
github.com/Quantixkvm/Quantixkvm/internal/ha/manager.go:200.3,202.9 3 0
github.com/Quantixkvm/Quantixkvm/internal/ha/manager.go:206.2,214.52 3 0
github.com/Quantixkvm/Quantixkvm/internal/ha/manager.go:214.52,217.3 2 0
github.com/Quantixkvm/Quantixkvm/internal/ha/manager.go:220.2,220.44 1 0
github.com/Quantixkvm/Quantixkvm/internal/ha/manager.go:220.44,228.28 3 0
github.com/Quantixkvm/Quantixkvm/internal/ha/manager.go:228.28,234.4 1 0
github.com/Quantixkvm/Quantixkvm/internal/ha/manager.go:237.3,237.31 1 0
github.com/Quantixkvm/Quantixkvm/internal/ha/manager.go:242.81,250.16 3 0
github.com/Quantixkvm/Quantixkvm/internal/ha/manager.go:250.16,253.3 2 0
github.com/Quantixkvm/Quantixkvm/internal/ha/manager.go:255.2,255.19 1 0
github.com/Quantixkvm/Quantixkvm/internal/ha/manager.go:255.19,258.3 2 0
github.com/Quantixkvm/Quantixkvm/internal/ha/manager.go:261.2,262.25 2 0
github.com/Quantixkvm/Quantixkvm/internal/ha/manager.go:262.25,263.106 1 0
github.com/Quantixkvm/Quantixkvm/internal/ha/manager.go:263.106,265.4 1 0
github.com/Quantixkvm/Quantixkvm/internal/ha/manager.go:268.2,277.27 2 0
github.com/Quantixkvm/Quantixkvm/internal/ha/manager.go:277.27,279.3 1 0
github.com/Quantixkvm/Quantixkvm/internal/ha/manager.go:282.2,283.87 2 0
github.com/Quantixkvm/Quantixkvm/internal/ha/manager.go:283.87,285.3 1 0
github.com/Quantixkvm/Quantixkvm/internal/ha/manager.go:289.99,297.16 3 0
github.com/Quantixkvm/Quantixkvm/internal/ha/manager.go:297.16,304.28 2 0
github.com/Quantixkvm/Quantixkvm/internal/ha/manager.go:304.28,310.4 1 0
github.com/Quantixkvm/Quantixkvm/internal/ha/manager.go:311.3,311.9 1 0
github.com/Quantixkvm/Quantixkvm/internal/ha/manager.go:315.2,315.27 1 0
github.com/Quantixkvm/Quantixkvm/internal/ha/manager.go:315.27,316.74 1 0
github.com/Quantixkvm/Quantixkvm/internal/ha/manager.go:316.74,323.4 2 0
github.com/Quantixkvm/Quantixkvm/internal/ha/manager.go:327.2,331.69 4 0
github.com/Quantixkvm/Quantixkvm/internal/ha/manager.go:331.69,333.3 1 0
github.com/Quantixkvm/Quantixkvm/internal/ha/manager.go:335.2,342.27 2 0
github.com/Quantixkvm/Quantixkvm/internal/ha/manager.go:342.27,348.3 1 0
github.com/Quantixkvm/Quantixkvm/internal/ha/manager.go:352.66,357.2 4 0
github.com/Quantixkvm/Quantixkvm/internal/ha/manager.go:360.60,365.33 4 0
github.com/Quantixkvm/Quantixkvm/internal/ha/manager.go:365.33,367.3 1 0
github.com/Quantixkvm/Quantixkvm/internal/ha/manager.go:368.2,368.15 1 0
github.com/Quantixkvm/Quantixkvm/internal/ha/manager.go:372.36,376.2 3 0
github.com/Quantixkvm/Quantixkvm/internal/ha/manager.go:379.76,381.16 2 0
github.com/Quantixkvm/Quantixkvm/internal/ha/manager.go:381.16,383.3 1 0
github.com/Quantixkvm/Quantixkvm/internal/ha/manager.go:385.2,390.13 4 0
github.com/Quantixkvm/Quantixkvm/internal/ha/manager.go:390.13,396.3 2 0
github.com/Quantixkvm/Quantixkvm/internal/ha/manager.go:397.2,404.12 5 0
github.com/Quantixkvm/Quantixkvm/internal/services/network/converter.go:17.82,18.16 1 0
github.com/Quantixkvm/Quantixkvm/internal/services/network/converter.go:18.16,20.3 1 0
github.com/Quantixkvm/Quantixkvm/internal/services/network/converter.go:22.2,32.3 1 0
github.com/Quantixkvm/Quantixkvm/internal/services/network/converter.go:36.95,37.17 1 0
github.com/Quantixkvm/Quantixkvm/internal/services/network/converter.go:37.17,39.3 1 0
github.com/Quantixkvm/Quantixkvm/internal/services/network/converter.go:41.2,67.53 2 0
github.com/Quantixkvm/Quantixkvm/internal/services/network/converter.go:67.53,72.3 1 0
github.com/Quantixkvm/Quantixkvm/internal/services/network/converter.go:75.2,75.24 1 0
github.com/Quantixkvm/Quantixkvm/internal/services/network/converter.go:75.24,81.44 2 0
github.com/Quantixkvm/Quantixkvm/internal/services/network/converter.go:81.44,86.4 1 0
github.com/Quantixkvm/Quantixkvm/internal/services/network/converter.go:89.2,89.18 1 0
github.com/Quantixkvm/Quantixkvm/internal/services/network/converter.go:93.103,94.19 1 0
github.com/Quantixkvm/Quantixkvm/internal/services/network/converter.go:94.19,96.3 1 0
github.com/Quantixkvm/Quantixkvm/internal/services/network/converter.go:98.2,110.3 1 0
github.com/Quantixkvm/Quantixkvm/internal/services/network/converter.go:114.102,127.21 2 0
github.com/Quantixkvm/Quantixkvm/internal/services/network/converter.go:127.21,129.3 1 0
github.com/Quantixkvm/Quantixkvm/internal/services/network/converter.go:131.2,131.12 1 0
github.com/Quantixkvm/Quantixkvm/internal/services/network/converter.go:135.97,136.17 1 0
github.com/Quantixkvm/Quantixkvm/internal/services/network/converter.go:136.17,138.3 1 0
github.com/Quantixkvm/Quantixkvm/internal/services/network/converter.go:140.2,147.26 2 0
github.com/Quantixkvm/Quantixkvm/internal/services/network/converter.go:147.26,155.32 2 0
github.com/Quantixkvm/Quantixkvm/internal/services/network/converter.go:155.32,163.4 1 0
github.com/Quantixkvm/Quantixkvm/internal/services/network/converter.go:164.3,164.54 1 0
github.com/Quantixkvm/Quantixkvm/internal/services/network/converter.go:164.54,169.4 1 0
github.com/Quantixkvm/Quantixkvm/internal/services/network/converter.go:172.2,172.21 1 0
github.com/Quantixkvm/Quantixkvm/internal/services/network/converter.go:172.21,177.3 1 0
github.com/Quantixkvm/Quantixkvm/internal/services/network/converter.go:179.2,179.24 1 0
github.com/Quantixkvm/Quantixkvm/internal/services/network/converter.go:179.24,185.44 2 0
github.com/Quantixkvm/Quantixkvm/internal/services/network/converter.go:185.44,190.4 1 0
github.com/Quantixkvm/Quantixkvm/internal/services/network/converter.go:193.2,193.19 1 0
github.com/Quantixkvm/Quantixkvm/internal/services/network/converter.go:197.86,203.2 1 0
github.com/Quantixkvm/Quantixkvm/internal/services/network/converter.go:206.93,207.21 1 0
github.com/Quantixkvm/Quantixkvm/internal/services/network/converter.go:207.21,209.3 1 0
github.com/Quantixkvm/Quantixkvm/internal/services/network/converter.go:210.2,211.31 2 0
github.com/Quantixkvm/Quantixkvm/internal/services/network/converter.go:211.31,213.3 1 0
github.com/Quantixkvm/Quantixkvm/internal/services/network/converter.go:214.2,214.15 1 0
github.com/Quantixkvm/Quantixkvm/internal/services/network/converter.go:222.85,223.15 1 0
github.com/Quantixkvm/Quantixkvm/internal/services/network/converter.go:223.15,225.3 1 0
github.com/Quantixkvm/Quantixkvm/internal/services/network/converter.go:227.2,238.32 2 0
github.com/Quantixkvm/Quantixkvm/internal/services/network/converter.go:238.32,240.3 1 0
github.com/Quantixkvm/Quantixkvm/internal/services/network/converter.go:242.2,242.16 1 0
github.com/Quantixkvm/Quantixkvm/internal/services/network/converter.go:246.86,247.17 1 0
github.com/Quantixkvm/Quantixkvm/internal/services/network/converter.go:247.17,249.3 1 0
github.com/Quantixkvm/Quantixkvm/internal/services/network/converter.go:251.2,264.3 1 0
github.com/Quantixkvm/Quantixkvm/internal/services/network/converter.go:268.113,279.33 2 0
github.com/Quantixkvm/Quantixkvm/internal/services/network/converter.go:279.33,281.3 1 0
github.com/Quantixkvm/Quantixkvm/internal/services/network/converter.go:283.2,283.11 1 0
github.com/Quantixkvm/Quantixkvm/internal/services/network/converter.go:287.88,288.17 1 0
github.com/Quantixkvm/Quantixkvm/internal/services/network/converter.go:288.17,290.3 1 0
github.com/Quantixkvm/Quantixkvm/internal/services/network/converter.go:292.2,305.3 1 0
github.com/Quantixkvm/Quantixkvm/internal/services/network/converter.go:309.92,310.16 1 0
github.com/Quantixkvm/Quantixkvm/internal/services/network/converter.go:310.16,312.3 1 0
github.com/Quantixkvm/Quantixkvm/internal/services/network/converter.go:313.2,314.25 2 0
github.com/Quantixkvm/Quantixkvm/internal/services/network/converter.go:314.25,316.3 1 0
github.com/Quantixkvm/Quantixkvm/internal/services/network/converter.go:317.2,317.15 1 0
github.com/Quantixkvm/Quantixkvm/internal/services/network/network_service.go:24.84,29.2 1 0
github.com/Quantixkvm/Quantixkvm/internal/services/network/network_service.go:35.56,43.24 3 0
github.com/Quantixkvm/Quantixkvm/internal/services/network/network_service.go:43.24,45.3 1 0
github.com/Quantixkvm/Quantixkvm/internal/services/network/network_service.go:46.2,46.99 1 0
github.com/Quantixkvm/Quantixkvm/internal/services/network/network_service.go:46.99,48.3 1 0
github.com/Quantixkvm/Quantixkvm/internal/services/network/network_service.go:51.2,52.27 2 0
github.com/Quantixkvm/Quantixkvm/internal/services/network/network_service.go:52.27,54.3 1 0
github.com/Quantixkvm/Quantixkvm/internal/services/network/network_service.go:57.2,58.16 2 0
github.com/Quantixkvm/Quantixkvm/internal/services/network/network_service.go:58.16,60.37 2 0
github.com/Quantixkvm/Quantixkvm/internal/services/network/network_service.go:60.37,62.4 1 0
github.com/Quantixkvm/Quantixkvm/internal/services/network/network_service.go:63.3,63.58 1 0
github.com/Quantixkvm/Quantixkvm/internal/services/network/network_service.go:67.2,73.91 4 0
github.com/Quantixkvm/Quantixkvm/internal/services/network/network_service.go:73.91,75.3 1 0
github.com/Quantixkvm/Quantixkvm/internal/services/network/network_service.go:77.2,78.72 2 0
github.com/Quantixkvm/Quantixkvm/internal/services/network/network_service.go:85.56,93.16 4 0
github.com/Quantixkvm/Quantixkvm/internal/services/network/network_service.go:93.16,94.32 1 0
github.com/Quantixkvm/Quantixkvm/internal/services/network/network_service.go:94.32,96.4 1 0
github.com/Quantixkvm/Quantixkvm/internal/services/network/network_service.go:97.3,97.58 1 0
github.com/Quantixkvm/Quantixkvm/internal/services/network/network_service.go:100.2,100.65 1 0
github.com/Quantixkvm/Quantixkvm/internal/services/network/network_service.go:107.62,113.16 5 0
github.com/Quantixkvm/Quantixkvm/internal/services/network/network_service.go:113.16,115.3 1 0
github.com/Quantixkvm/Quantixkvm/internal/services/network/network_service.go:117.2,118.16 2 0
github.com/Quantixkvm/Quantixkvm/internal/services/network/network_service.go:118.16,121.3 2 0
github.com/Quantixkvm/Quantixkvm/internal/services/network/network_service.go:123.2,126.9 1 0
github.com/Quantixkvm/Quantixkvm/internal/services/network/network_service.go:133.56,141.16 4 0
github.com/Quantixkvm/Quantixkvm/internal/services/network/network_service.go:141.16,142.32 1 0
github.com/Quantixkvm/Quantixkvm/internal/services/network/network_service.go:142.32,144.4 1 0
github.com/Quantixkvm/Quantixkvm/internal/services/network/network_service.go:145.3,145.58 1 0
github.com/Quantixkvm/Quantixkvm/internal/services/network/network_service.go:149.2,149.31 1 0
github.com/Quantixkvm/Quantixkvm/internal/services/network/network_service.go:149.31,151.3 1 0
github.com/Quantixkvm/Quantixkvm/internal/services/network/network_service.go:152.2,152.27 1 0
github.com/Quantixkvm/Quantixkvm/internal/services/network/network_service.go:152.27,154.3 1 0
github.com/Quantixkvm/Quantixkvm/internal/services/network/network_service.go:155.2,155.25 1 0
github.com/Quantixkvm/Quantixkvm/internal/services/network/network_service.go:155.25,157.3 1 0
github.com/Quantixkvm/Quantixkvm/internal/services/network/network_service.go:158.2,161.16 3 0
github.com/Quantixkvm/Quantixkvm/internal/services/network/network_service.go:161.16,164.3 2 0
github.com/Quantixkvm/Quantixkvm/internal/services/network/network_service.go:166.2,167.72 2 0
github.com/Quantixkvm/Quantixkvm/internal/services/network/network_service.go:174.45,183.16 4 0
github.com/Quantixkvm/Quantixkvm/internal/services/network/network_service.go:183.16,184.32 1 0
github.com/Quantixkvm/Quantixkvm/internal/services/network/network_service.go:184.32,186.4 1 0
github.com/Quantixkvm/Quantixkvm/internal/services/network/network_service.go:187.3,187.58 1 0
github.com/Quantixkvm/Quantixkvm/internal/services/network/network_service.go:190.2,190.52 1 0
github.com/Quantixkvm/Quantixkvm/internal/services/network/network_service.go:190.52,193.3 1 0
github.com/Quantixkvm/Quantixkvm/internal/services/network/network_service.go:195.2,195.55 1 0
github.com/Quantixkvm/Quantixkvm/internal/services/network/network_service.go:195.55,198.3 2 0
github.com/Quantixkvm/Quantixkvm/internal/services/network/network_service.go:200.2,201.51 2 0
github.com/Quantixkvm/Quantixkvm/internal/services/network/network_service.go:208.57,218.16 5 0
github.com/Quantixkvm/Quantixkvm/internal/services/network/network_service.go:218.16,220.3 1 0
github.com/Quantixkvm/Quantixkvm/internal/services/network/network_service.go:223.2,226.31 3 0
github.com/Quantixkvm/Quantixkvm/internal/services/network/network_service.go:226.31,238.56 2 0
github.com/Quantixkvm/Quantixkvm/internal/services/network/network_service.go:238.56,250.4 3 0
github.com/Quantixkvm/Quantixkvm/internal/services/network/network_service.go:253.2,256.9 1 0
github.com/Quantixkvm/Quantixkvm/internal/services/network/security_group_service.go:25.102,30.2 1 0
github.com/Quantixkvm/Quantixkvm/internal/services/network/security_group_service.go:36.55,43.24 3 0
github.com/Quantixkvm/Quantixkvm/internal/services/network/security_group_service.go:43.24,45.3 1 0
github.com/Quantixkvm/Quantixkvm/internal/services/network/security_group_service.go:47.2,50.26 2 0
github.com/Quantixkvm/Quantixkvm/internal/services/network/security_group_service.go:50.26,51.27 1 0
github.com/Quantixkvm/Quantixkvm/internal/services/network/security_group_service.go:51.27,53.4 1 0
github.com/Quantixkvm/Quantixkvm/internal/services/network/security_group_service.go:56.2,57.16 2 0
github.com/Quantixkvm/Quantixkvm/internal/services/network/security_group_service.go:57.16,59.37 2 0
github.com/Quantixkvm/Quantixkvm/internal/services/network/security_group_service.go:59.37,61.4 1 0
github.com/Quantixkvm/Quantixkvm/internal/services/network/security_group_service.go:62.3,62.58 1 0
github.com/Quantixkvm/Quantixkvm/internal/services/network/security_group_service.go:65.2,66.73 2 0
github.com/Quantixkvm/Quantixkvm/internal/services/network/security_group_service.go:73.55,81.16 4 0
github.com/Quantixkvm/Quantixkvm/internal/services/network/security_group_service.go:81.16,82.32 1 0
github.com/Quantixkvm/Quantixkvm/internal/services/network/security_group_service.go:82.32,84.4 1 0
github.com/Quantixkvm/Quantixkvm/internal/services/network/security_group_service.go:85.3,85.58 1 0
github.com/Quantixkvm/Quantixkvm/internal/services/network/security_group_service.go:88.2,88.66 1 0
github.com/Quantixkvm/Quantixkvm/internal/services/network/security_group_service.go:95.68,100.16 4 0
github.com/Quantixkvm/Quantixkvm/internal/services/network/security_group_service.go:100.16,102.3 1 0
github.com/Quantixkvm/Quantixkvm/internal/services/network/security_group_service.go:104.2,105.16 2 0
github.com/Quantixkvm/Quantixkvm/internal/services/network/security_group_service.go:105.16,108.3 2 0
github.com/Quantixkvm/Quantixkvm/internal/services/network/security_group_service.go:110.2,113.9 1 0
github.com/Quantixkvm/Quantixkvm/internal/services/network/security_group_service.go:120.55,128.16 4 0
github.com/Quantixkvm/Quantixkvm/internal/services/network/security_group_service.go:128.16,129.32 1 0
github.com/Quantixkvm/Quantixkvm/internal/services/network/security_group_service.go:129.32,131.4 1 0
github.com/Quantixkvm/Quantixkvm/internal/services/network/security_group_service.go:132.3,132.58 1 0
github.com/Quantixkvm/Quantixkvm/internal/services/network/security_group_service.go:135.2,135.31 1 0
github.com/Quantixkvm/Quantixkvm/internal/services/network/security_group_service.go:135.31,137.3 1 0
github.com/Quantixkvm/Quantixkvm/internal/services/network/security_group_service.go:138.2,138.27 1 0
github.com/Quantixkvm/Quantixkvm/internal/services/network/security_group_service.go:138.27,140.3 1 0
github.com/Quantixkvm/Quantixkvm/internal/services/network/security_group_service.go:141.2,144.16 3 0
github.com/Quantixkvm/Quantixkvm/internal/services/network/security_group_service.go:144.16,147.3 2 0
github.com/Quantixkvm/Quantixkvm/internal/services/network/security_group_service.go:149.2,150.73 2 0
github.com/Quantixkvm/Quantixkvm/internal/services/network/security_group_service.go:157.45,166.55 3 0
github.com/Quantixkvm/Quantixkvm/internal/services/network/security_group_service.go:166.55,168.32 2 0
github.com/Quantixkvm/Quantixkvm/internal/services/network/security_group_service.go:168.32,170.4 1 0
github.com/Quantixkvm/Quantixkvm/internal/services/network/security_group_service.go:171.3,171.58 1 0
github.com/Quantixkvm/Quantixkvm/internal/services/network/security_group_service.go:174.2,175.51 2 0
github.com/Quantixkvm/Quantixkvm/internal/services/network/security_group_service.go:182.55,190.16 4 0
github.com/Quantixkvm/Quantixkvm/internal/services/network/security_group_service.go:190.16,191.32 1 0
github.com/Quantixkvm/Quantixkvm/internal/services/network/security_group_service.go:191.32,193.4 1 0
github.com/Quantixkvm/Quantixkvm/internal/services/network/security_group_service.go:194.3,194.58 1 0
github.com/Quantixkvm/Quantixkvm/internal/services/network/security_group_service.go:198.2,199.19 2 0
github.com/Quantixkvm/Quantixkvm/internal/services/network/security_group_service.go:199.19,201.3 1 0
github.com/Quantixkvm/Quantixkvm/internal/services/network/security_group_service.go:202.2,206.16 4 0
github.com/Quantixkvm/Quantixkvm/internal/services/network/security_group_service.go:206.16,209.3 2 0
github.com/Quantixkvm/Quantixkvm/internal/services/network/security_group_service.go:211.2,212.73 2 0
github.com/Quantixkvm/Quantixkvm/internal/services/network/security_group_service.go:219.55,228.16 4 0
github.com/Quantixkvm/Quantixkvm/internal/services/network/security_group_service.go:228.16,229.32 1 0
github.com/Quantixkvm/Quantixkvm/internal/services/network/security_group_service.go:229.32,231.4 1 0
github.com/Quantixkvm/Quantixkvm/internal/services/network/security_group_service.go:232.3,232.58 1 0
github.com/Quantixkvm/Quantixkvm/internal/services/network/security_group_service.go:236.2,238.32 3 0
github.com/Quantixkvm/Quantixkvm/internal/services/network/security_group_service.go:238.32,239.32 1 0
github.com/Quantixkvm/Quantixkvm/internal/services/network/security_group_service.go:239.32,241.12 2 0
github.com/Quantixkvm/Quantixkvm/internal/services/network/security_group_service.go:243.3,243.36 1 0
github.com/Quantixkvm/Quantixkvm/internal/services/network/security_group_service.go:246.2,246.12 1 0
github.com/Quantixkvm/Quantixkvm/internal/services/network/security_group_service.go:246.12,248.3 1 0
github.com/Quantixkvm/Quantixkvm/internal/services/network/security_group_service.go:250.2,254.16 4 0
github.com/Quantixkvm/Quantixkvm/internal/services/network/security_group_service.go:254.16,257.3 2 0
github.com/Quantixkvm/Quantixkvm/internal/services/network/security_group_service.go:259.2,260.73 2 0
github.com/Quantixkvm/Quantixkvm/internal/repository/redis/cache.go:28.75,38.47 4 0
github.com/Quantixkvm/Quantixkvm/internal/repository/redis/cache.go:38.47,40.3 1 0
github.com/Quantixkvm/Quantixkvm/internal/repository/redis/cache.go:42.2,44.52 2 0
github.com/Quantixkvm/Quantixkvm/internal/repository/redis/cache.go:48.31,50.2 1 0
github.com/Quantixkvm/Quantixkvm/internal/repository/redis/cache.go:53.51,55.2 1 0
github.com/Quantixkvm/Quantixkvm/internal/repository/redis/cache.go:62.78,64.22 2 0
github.com/Quantixkvm/Quantixkvm/internal/repository/redis/cache.go:64.22,66.3 1 0
github.com/Quantixkvm/Quantixkvm/internal/repository/redis/cache.go:67.2,67.16 1 0
github.com/Quantixkvm/Quantixkvm/internal/repository/redis/cache.go:67.16,69.3 1 0
github.com/Quantixkvm/Quantixkvm/internal/repository/redis/cache.go:71.2,71.42 1 0
github.com/Quantixkvm/Quantixkvm/internal/repository/redis/cache.go:75.98,77.16 2 0
github.com/Quantixkvm/Quantixkvm/internal/repository/redis/cache.go:77.16,79.3 1 0
github.com/Quantixkvm/Quantixkvm/internal/repository/redis/cache.go:81.2,81.48 1 0
github.com/Quantixkvm/Quantixkvm/internal/repository/redis/cache.go:85.63,87.2 1 0
github.com/Quantixkvm/Quantixkvm/internal/repository/redis/cache.go:90.74,92.21 2 0
github.com/Quantixkvm/Quantixkvm/internal/repository/redis/cache.go:92.21,93.61 1 0
github.com/Quantixkvm/Quantixkvm/internal/repository/redis/cache.go:93.61,95.4 1 0
github.com/Quantixkvm/Quantixkvm/internal/repository/redis/cache.go:97.2,97.19 1 0
github.com/Quantixkvm/Quantixkvm/internal/repository/redis/cache.go:107.87,110.45 3 0
github.com/Quantixkvm/Quantixkvm/internal/repository/redis/cache.go:110.45,112.3 1 0
github.com/Quantixkvm/Quantixkvm/internal/repository/redis/cache.go:113.2,113.17 1 0
github.com/Quantixkvm/Quantixkvm/internal/repository/redis/cache.go:117.77,120.2 2 0
github.com/Quantixkvm/Quantixkvm/internal/repository/redis/cache.go:123.68,126.2 2 0
github.com/Quantixkvm/Quantixkvm/internal/repository/redis/cache.go:129.85,131.2 1 0
github.com/Quantixkvm/Quantixkvm/internal/repository/redis/cache.go:140.79,143.47 3 0
github.com/Quantixkvm/Quantixkvm/internal/repository/redis/cache.go:143.47,145.3 1 0
github.com/Quantixkvm/Quantixkvm/internal/repository/redis/cache.go:146.2,146.19 1 0
github.com/Quantixkvm/Quantixkvm/internal/repository/redis/cache.go:150.71,153.2 2 0
github.com/Quantixkvm/Quantixkvm/internal/repository/redis/cache.go:156.70,159.2 2 0
github.com/Quantixkvm/Quantixkvm/internal/repository/redis/cache.go:174.81,177.16 3 0
github.com/Quantixkvm/Quantixkvm/internal/repository/redis/cache.go:177.16,179.3 1 0
github.com/Quantixkvm/Quantixkvm/internal/repository/redis/cache.go:180.2,180.51 1 0
github.com/Quantixkvm/Quantixkvm/internal/repository/redis/cache.go:184.81,188.12 3 0
github.com/Quantixkvm/Quantixkvm/internal/repository/redis/cache.go:188.12,192.7 3 0
github.com/Quantixkvm/Quantixkvm/internal/repository/redis/cache.go:192.7,193.11 1 0
github.com/Quantixkvm/Quantixkvm/internal/repository/redis/cache.go:194.22,195.11 1 0
github.com/Quantixkvm/Quantixkvm/internal/repository/redis/cache.go:196.35,198.71 2 0
github.com/Quantixkvm/Quantixkvm/internal/repository/redis/cache.go:198.71,200.14 2 0
github.com/Quantixkvm/Quantixkvm/internal/repository/redis/cache.go:202.5,202.20 1 0
github.com/Quantixkvm/Quantixkvm/internal/repository/redis/cache.go:207.2,207.15 1 0
github.com/Quantixkvm/Quantixkvm/internal/repository/redis/cache.go:211.104,217.2 1 0
github.com/Quantixkvm/Quantixkvm/internal/repository/redis/cache.go:220.98,226.2 1 0
github.com/Quantixkvm/Quantixkvm/internal/repository/redis/cache.go:235.88,238.2 2 0
github.com/Quantixkvm/Quantixkvm/internal/repository/redis/cache.go:241.83,244.22 3 0
github.com/Quantixkvm/Quantixkvm/internal/repository/redis/cache.go:244.22,246.3 1 0
github.com/Quantixkvm/Quantixkvm/internal/repository/redis/cache.go:247.2,247.20 1 0
github.com/Quantixkvm/Quantixkvm/internal/repository/redis/cache.go:251.76,254.2 2 0
github.com/Quantixkvm/Quantixkvm/internal/repository/redis/cache.go:269.126,291.16 9 0
github.com/Quantixkvm/Quantixkvm/internal/repository/redis/cache.go:291.16,293.3 1 0
github.com/Quantixkvm/Quantixkvm/internal/repository/redis/cache.go:295.2,298.19 4 0
github.com/Quantixkvm/Quantixkvm/internal/repository/redis/cache.go:298.19,300.3 1 0
github.com/Quantixkvm/Quantixkvm/internal/repository/redis/cache.go:302.2,306.8 1 0
github.com/Quantixkvm/Quantixkvm/internal/services/streaming/service.go:60.46,65.2 1 0
github.com/Quantixkvm/Quantixkvm/internal/services/streaming/service.go:68.100,92.12 9 0
github.com/Quantixkvm/Quantixkvm/internal/services/streaming/service.go:92.12,95.3 2 0
github.com/Quantixkvm/Quantixkvm/internal/services/streaming/service.go:97.2,97.17 1 0
github.com/Quantixkvm/Quantixkvm/internal/services/streaming/service.go:101.42,105.48 3 0
github.com/Quantixkvm/Quantixkvm/internal/services/streaming/service.go:105.48,110.3 4 0
github.com/Quantixkvm/Quantixkvm/internal/services/streaming/service.go:114.40,120.38 4 0
github.com/Quantixkvm/Quantixkvm/internal/services/streaming/service.go:120.38,121.41 1 0
github.com/Quantixkvm/Quantixkvm/internal/services/streaming/service.go:121.41,122.11 1 0
github.com/Quantixkvm/Quantixkvm/internal/services/streaming/service.go:123.29,123.29 0 0
github.com/Quantixkvm/Quantixkvm/internal/services/streaming/service.go:124.12,128.6 1 0
github.com/Quantixkvm/Quantixkvm/internal/services/streaming/service.go:135.78,137.31 1 0
github.com/Quantixkvm/Quantixkvm/internal/services/streaming/service.go:137.31,139.42 2 0
github.com/Quantixkvm/Quantixkvm/internal/services/streaming/service.go:139.42,141.4 1 0
github.com/Quantixkvm/Quantixkvm/internal/services/streaming/service.go:145.2,145.70 1 0
github.com/Quantixkvm/Quantixkvm/internal/services/streaming/service.go:145.70,147.3 1 0
github.com/Quantixkvm/Quantixkvm/internal/services/streaming/service.go:150.2,150.32 1 0
github.com/Quantixkvm/Quantixkvm/internal/services/streaming/service.go:150.32,152.40 2 0
github.com/Quantixkvm/Quantixkvm/internal/services/streaming/service.go:152.40,153.24 1 0
github.com/Quantixkvm/Quantixkvm/internal/services/streaming/service.go:153.24,155.10 2 0
github.com/Quantixkvm/Quantixkvm/internal/services/streaming/service.go:158.3,158.13 1 0
github.com/Quantixkvm/Quantixkvm/internal/services/streaming/service.go:158.13,160.4 1 0
github.com/Quantixkvm/Quantixkvm/internal/services/streaming/service.go:164.2,164.28 1 0
github.com/Quantixkvm/Quantixkvm/internal/services/streaming/service.go:164.28,165.60 1 0
github.com/Quantixkvm/Quantixkvm/internal/services/streaming/service.go:165.60,166.40 1 0
github.com/Quantixkvm/Quantixkvm/internal/services/streaming/service.go:166.40,168.5 1 0
github.com/Quantixkvm/Quantixkvm/internal/services/streaming/service.go:172.2,172.13 1 0
github.com/Quantixkvm/Quantixkvm/internal/services/streaming/service.go:176.64,177.25 1 0
github.com/Quantixkvm/Quantixkvm/internal/services/streaming/service.go:178.30,179.14 1 0
github.com/Quantixkvm/Quantixkvm/internal/services/streaming/service.go:180.20,181.16 1 0
github.com/Quantixkvm/Quantixkvm/internal/services/streaming/service.go:182.21,183.17 1 0
github.com/Quantixkvm/Quantixkvm/internal/services/streaming/service.go:184.33,185.15 1 0
github.com/Quantixkvm/Quantixkvm/internal/services/streaming/service.go:186.10,187.19 1 0
github.com/Quantixkvm/Quantixkvm/internal/services/streaming/service.go:192.82,198.2 1 0
github.com/Quantixkvm/Quantixkvm/internal/services/streaming/service.go:201.76,207.2 1 0
github.com/Quantixkvm/Quantixkvm/internal/services/streaming/service.go:210.79,216.2 1 0
github.com/Quantixkvm/Quantixkvm/internal/services/streaming/service.go:219.46,223.2 3 0
github.com/Quantixkvm/Quantixkvm/internal/services/streaming/service.go:242.91,248.2 1 0
github.com/Quantixkvm/Quantixkvm/internal/services/streaming/service.go:251.102,254.16 2 0
github.com/Quantixkvm/Quantixkvm/internal/services/streaming/service.go:254.16,256.3 1 0
github.com/Quantixkvm/Quantixkvm/internal/services/streaming/service.go:259.2,263.16 2 0
github.com/Quantixkvm/Quantixkvm/internal/services/streaming/service.go:263.16,265.3 1 0
github.com/Quantixkvm/Quantixkvm/internal/services/streaming/service.go:268.2,274.12 3 0
github.com/Quantixkvm/Quantixkvm/internal/services/streaming/service.go:274.12,277.33 2 0
github.com/Quantixkvm/Quantixkvm/internal/services/streaming/service.go:277.33,278.61 1 0
github.com/Quantixkvm/Quantixkvm/internal/services/streaming/service.go:278.61,279.12 1 0
github.com/Quantixkvm/Quantixkvm/internal/services/streaming/service.go:280.23,280.23 0 0
github.com/Quantixkvm/Quantixkvm/internal/services/streaming/service.go:281.23,282.12 1 0
github.com/Quantixkvm/Quantixkvm/internal/services/streaming/service.go:288.2,288.20 1 0
github.com/Quantixkvm/Quantixkvm/internal/services/streaming/service.go:292.108,298.16 2 0
github.com/Quantixkvm/Quantixkvm/internal/services/streaming/service.go:298.16,300.3 1 0
github.com/Quantixkvm/Quantixkvm/internal/services/streaming/service.go:303.2,306.12 2 0
github.com/Quantixkvm/Quantixkvm/internal/services/streaming/service.go:306.12,309.33 2 0
github.com/Quantixkvm/Quantixkvm/internal/services/streaming/service.go:309.33,310.61 1 0
github.com/Quantixkvm/Quantixkvm/internal/services/streaming/service.go:310.61,311.12 1 0
github.com/Quantixkvm/Quantixkvm/internal/services/streaming/service.go:312.23,312.23 0 0
github.com/Quantixkvm/Quantixkvm/internal/services/streaming/service.go:313.23,314.12 1 0
github.com/Quantixkvm/Quantixkvm/internal/services/streaming/service.go:320.2,320.20 1 0
github.com/Quantixkvm/Quantixkvm/internal/services/streaming/service.go:340.99,346.2 1 0
github.com/Quantixkvm/Quantixkvm/internal/services/streaming/service.go:349.98,352.16 2 0
github.com/Quantixkvm/Quantixkvm/internal/services/streaming/service.go:352.16,354.3 1 0
github.com/Quantixkvm/Quantixkvm/internal/services/streaming/service.go:357.2,361.16 2 0
github.com/Quantixkvm/Quantixkvm/internal/services/streaming/service.go:361.16,363.3 1 0
github.com/Quantixkvm/Quantixkvm/internal/services/streaming/service.go:366.2,372.12 3 0
github.com/Quantixkvm/Quantixkvm/internal/services/streaming/service.go:372.12,375.33 2 0
github.com/Quantixkvm/Quantixkvm/internal/services/streaming/service.go:375.33,376.53 1 0
github.com/Quantixkvm/Quantixkvm/internal/services/streaming/service.go:376.53,377.12 1 0
github.com/Quantixkvm/Quantixkvm/internal/services/streaming/service.go:378.27,378.27 0 0
github.com/Quantixkvm/Quantixkvm/internal/services/streaming/service.go:379.23,380.12 1 0
github.com/Quantixkvm/Quantixkvm/internal/services/streaming/service.go:386.2,386.22 1 0
github.com/Quantixkvm/Quantixkvm/internal/services/streaming/service.go:390.84,395.16 2 0
github.com/Quantixkvm/Quantixkvm/internal/services/streaming/service.go:395.16,397.3 1 0
github.com/Quantixkvm/Quantixkvm/internal/services/streaming/service.go:400.2,403.12 2 0
github.com/Quantixkvm/Quantixkvm/internal/services/streaming/service.go:403.12,406.33 2 0
github.com/Quantixkvm/Quantixkvm/internal/services/streaming/service.go:406.33,407.53 1 0
github.com/Quantixkvm/Quantixkvm/internal/services/streaming/service.go:407.53,408.12 1 0
github.com/Quantixkvm/Quantixkvm/internal/services/streaming/service.go:409.27,409.27 0 0
github.com/Quantixkvm/Quantixkvm/internal/services/streaming/service.go:410.23,411.12 1 0
github.com/Quantixkvm/Quantixkvm/internal/services/streaming/service.go:417.2,417.22 1 0
github.com/Quantixkvm/Quantixkvm/internal/server/middleware/auth.go:35.91,40.2 1 0
github.com/Quantixkvm/Quantixkvm/internal/server/middleware/auth.go:43.79,44.88 1 0
github.com/Quantixkvm/Quantixkvm/internal/server/middleware/auth.go:44.88,46.45 1 0
github.com/Quantixkvm/Quantixkvm/internal/server/middleware/auth.go:46.45,48.4 1 0
github.com/Quantixkvm/Quantixkvm/internal/server/middleware/auth.go:51.3,52.23 2 0
github.com/Quantixkvm/Quantixkvm/internal/server/middleware/auth.go:52.23,55.4 2 0
github.com/Quantixkvm/Quantixkvm/internal/server/middleware/auth.go:58.3,59.32 2 0
github.com/Quantixkvm/Quantixkvm/internal/server/middleware/auth.go:59.32,61.4 1 0
github.com/Quantixkvm/Quantixkvm/internal/server/middleware/auth.go:64.3,65.17 2 0
github.com/Quantixkvm/Quantixkvm/internal/server/middleware/auth.go:65.17,68.4 2 0
github.com/Quantixkvm/Quantixkvm/internal/server/middleware/auth.go:71.3,82.24 5 0
github.com/Quantixkvm/Quantixkvm/internal/server/middleware/auth.go:87.109,88.82 1 0
github.com/Quantixkvm/Quantixkvm/internal/server/middleware/auth.go:88.82,91.3 1 0
github.com/Quantixkvm/Quantixkvm/internal/server/middleware/auth.go:95.112,96.76 1 0
github.com/Quantixkvm/Quantixkvm/internal/server/middleware/auth.go:96.76,98.46 1 0
github.com/Quantixkvm/Quantixkvm/internal/server/middleware/auth.go:98.46,100.4 1 0
github.com/Quantixkvm/Quantixkvm/internal/server/middleware/auth.go:103.3,104.23 2 0
github.com/Quantixkvm/Quantixkvm/internal/server/middleware/auth.go:104.23,106.4 1 0
github.com/Quantixkvm/Quantixkvm/internal/server/middleware/auth.go:108.3,109.32 2 0
github.com/Quantixkvm/Quantixkvm/internal/server/middleware/auth.go:109.32,111.4 1 0
github.com/Quantixkvm/Quantixkvm/internal/server/middleware/auth.go:114.3,115.17 2 0
github.com/Quantixkvm/Quantixkvm/internal/server/middleware/auth.go:115.17,117.4 1 0
github.com/Quantixkvm/Quantixkvm/internal/server/middleware/auth.go:120.3,124.25 4 0
github.com/Quantixkvm/Quantixkvm/internal/server/middleware/auth.go:143.46,144.37 1 0
github.com/Quantixkvm/Quantixkvm/internal/server/middleware/auth.go:144.37,145.74 1 0
github.com/Quantixkvm/Quantixkvm/internal/server/middleware/auth.go:145.74,147.4 1 0
github.com/Quantixkvm/Quantixkvm/internal/server/middleware/auth.go:149.2,149.14 1 0
github.com/Quantixkvm/Quantixkvm/internal/server/middleware/auth.go:153.58,156.2 2 0
github.com/Quantixkvm/Quantixkvm/internal/server/middleware/auth.go:159.52,162.2 2 0
github.com/Quantixkvm/Quantixkvm/internal/server/middleware/auth.go:165.55,168.2 2 0
github.com/Quantixkvm/Quantixkvm/internal/server/middleware/auth.go:171.75,173.9 2 0
github.com/Quantixkvm/Quantixkvm/internal/server/middleware/auth.go:173.9,175.3 1 0
github.com/Quantixkvm/Quantixkvm/internal/server/middleware/auth.go:177.2,177.34 1 0
github.com/Quantixkvm/Quantixkvm/internal/server/middleware/auth.go:177.34,178.16 1 0
github.com/Quantixkvm/Quantixkvm/internal/server/middleware/auth.go:178.16,180.4 1 0
github.com/Quantixkvm/Quantixkvm/internal/server/middleware/auth.go:183.2,183.95 1 0
github.com/Quantixkvm/Quantixkvm/internal/server/middleware/auth.go:187.81,189.9 2 0
github.com/Quantixkvm/Quantixkvm/internal/server/middleware/auth.go:189.9,191.3 1 0
github.com/Quantixkvm/Quantixkvm/internal/server/middleware/auth.go:193.2,193.45 1 0
github.com/Quantixkvm/Quantixkvm/internal/server/middleware/auth.go:193.45,195.3 1 0
github.com/Quantixkvm/Quantixkvm/internal/server/middleware/auth.go:197.2,197.12 1 0
github.com/Quantixkvm/Quantixkvm/internal/domain/network.go:137.41,139.2 1 0
github.com/Quantixkvm/Quantixkvm/internal/domain/network.go:233.32,235.2 1 0
github.com/Quantixkvm/Quantixkvm/internal/domain/network.go:334.40,336.2 1 0
github.com/Quantixkvm/Quantixkvm/internal/domain/node.go:56.41,58.2 1 0
github.com/Quantixkvm/Quantixkvm/internal/domain/node.go:61.43,63.2 1 0
github.com/Quantixkvm/Quantixkvm/internal/domain/node.go:135.31,137.2 1 0
github.com/Quantixkvm/Quantixkvm/internal/domain/node.go:140.37,142.2 1 0
github.com/Quantixkvm/Quantixkvm/internal/domain/node.go:145.37,147.2 1 0
github.com/Quantixkvm/Quantixkvm/internal/domain/node.go:150.40,152.2 1 0
github.com/Quantixkvm/Quantixkvm/internal/domain/node.go:155.30,157.2 1 0
github.com/Quantixkvm/Quantixkvm/internal/domain/storage.go:173.38,175.2 1 0
github.com/Quantixkvm/Quantixkvm/internal/domain/storage.go:281.36,283.2 1 0
github.com/Quantixkvm/Quantixkvm/internal/domain/storage.go:286.33,288.2 1 0
github.com/Quantixkvm/Quantixkvm/internal/domain/storage.go:433.32,435.2 1 0
github.com/Quantixkvm/Quantixkvm/internal/domain/user.go:36.31,38.2 1 0
github.com/Quantixkvm/Quantixkvm/internal/domain/user.go:41.33,43.2 1 0
github.com/Quantixkvm/Quantixkvm/internal/domain/user.go:46.31,48.2 1 0
github.com/Quantixkvm/Quantixkvm/internal/domain/user.go:136.59,138.9 2 0
github.com/Quantixkvm/Quantixkvm/internal/domain/user.go:138.9,140.3 1 0
github.com/Quantixkvm/Quantixkvm/internal/domain/user.go:141.2,141.26 1 0
github.com/Quantixkvm/Quantixkvm/internal/domain/user.go:141.26,142.22 1 0
github.com/Quantixkvm/Quantixkvm/internal/domain/user.go:142.22,144.4 1 0
github.com/Quantixkvm/Quantixkvm/internal/domain/user.go:146.2,146.14 1 0
github.com/Quantixkvm/Quantixkvm/internal/domain/vm.go:71.39,73.18 2 0
github.com/Quantixkvm/Quantixkvm/internal/domain/vm.go:73.18,75.3 1 0
github.com/Quantixkvm/Quantixkvm/internal/domain/vm.go:76.2,77.18 2 0
github.com/Quantixkvm/Quantixkvm/internal/domain/vm.go:77.18,79.3 1 0
github.com/Quantixkvm/Quantixkvm/internal/domain/vm.go:80.2,80.36 1 0
github.com/Quantixkvm/Quantixkvm/internal/domain/vm.go:179.44,181.2 1 0
github.com/Quantixkvm/Quantixkvm/internal/domain/vm.go:184.44,186.2 1 0
github.com/Quantixkvm/Quantixkvm/internal/domain/vm.go:189.43,191.2 1 0
github.com/Quantixkvm/Quantixkvm/internal/domain/vm.go:194.42,196.2 1 0
github.com/Quantixkvm/Quantixkvm/internal/repository/etcd/client.go:29.76,36.16 2 0
github.com/Quantixkvm/Quantixkvm/internal/repository/etcd/client.go:36.16,38.3 1 0
github.com/Quantixkvm/Quantixkvm/internal/repository/etcd/client.go:41.2,42.16 2 0
github.com/Quantixkvm/Quantixkvm/internal/repository/etcd/client.go:42.16,45.3 2 0
github.com/Quantixkvm/Quantixkvm/internal/repository/etcd/client.go:47.2,53.8 2 0
github.com/Quantixkvm/Quantixkvm/internal/repository/etcd/client.go:57.32,58.22 1 0
github.com/Quantixkvm/Quantixkvm/internal/repository/etcd/client.go:58.22,60.3 1 0
github.com/Quantixkvm/Quantixkvm/internal/repository/etcd/client.go:61.2,61.25 1 0
github.com/Quantixkvm/Quantixkvm/internal/repository/etcd/client.go:65.52,71.2 4 0
github.com/Quantixkvm/Quantixkvm/internal/repository/etcd/client.go:78.80,80.16 2 0
github.com/Quantixkvm/Quantixkvm/internal/repository/etcd/client.go:80.16,82.3 1 0
github.com/Quantixkvm/Quantixkvm/internal/repository/etcd/client.go:84.2,85.16 2 0
github.com/Quantixkvm/Quantixkvm/internal/repository/etcd/client.go:85.16,87.3 1 0
github.com/Quantixkvm/Quantixkvm/internal/repository/etcd/client.go:89.2,89.12 1 0
github.com/Quantixkvm/Quantixkvm/internal/repository/etcd/client.go:93.79,95.16 2 0
github.com/Quantixkvm/Quantixkvm/internal/repository/etcd/client.go:95.16,97.3 1 0
github.com/Quantixkvm/Quantixkvm/internal/repository/etcd/client.go:99.2,99.24 1 0
github.com/Quantixkvm/Quantixkvm/internal/repository/etcd/client.go:99.24,101.3 1 0
github.com/Quantixkvm/Quantixkvm/internal/repository/etcd/client.go:103.2,103.48 1 0
github.com/Quantixkvm/Quantixkvm/internal/repository/etcd/client.go:107.64,110.2 2 0
github.com/Quantixkvm/Quantixkvm/internal/repository/etcd/client.go:113.83,115.16 2 0
github.com/Quantixkvm/Quantixkvm/internal/repository/etcd/client.go:115.16,117.3 1 0
github.com/Quantixkvm/Quantixkvm/internal/repository/etcd/client.go:120.2,121.30 2 0
github.com/Quantixkvm/Quantixkvm/internal/repository/etcd/client.go:121.30,123.3 1 0
github.com/Quantixkvm/Quantixkvm/internal/repository/etcd/client.go:125.2,126.16 2 0
github.com/Quantixkvm/Quantixkvm/internal/repository/etcd/client.go:126.16,128.3 1 0
github.com/Quantixkvm/Quantixkvm/internal/repository/etcd/client.go:130.2,130.35 1 0
github.com/Quantixkvm/Quantixkvm/internal/repository/etcd/client.go:153.88,157.12 3 0
github.com/Quantixkvm/Quantixkvm/internal/repository/etcd/client.go:157.12,159.3 1 0
github.com/Quantixkvm/Quantixkvm/internal/repository/etcd/client.go:161.2,161.12 1 0
github.com/Quantixkvm/Quantixkvm/internal/repository/etcd/client.go:161.12,165.7 3 0
github.com/Quantixkvm/Quantixkvm/internal/repository/etcd/client.go:165.7,166.11 1 0
github.com/Quantixkvm/Quantixkvm/internal/repository/etcd/client.go:167.22,168.11 1 0
github.com/Quantixkvm/Quantixkvm/internal/repository/etcd/client.go:169.31,170.12 1 0
github.com/Quantixkvm/Quantixkvm/internal/repository/etcd/client.go:170.12,172.6 1 0
github.com/Quantixkvm/Quantixkvm/internal/repository/etcd/client.go:173.5,173.36 1 0
github.com/Quantixkvm/Quantixkvm/internal/repository/etcd/client.go:173.36,175.45 2 0
github.com/Quantixkvm/Quantixkvm/internal/repository/etcd/client.go:175.45,177.7 1 0
github.com/Quantixkvm/Quantixkvm/internal/repository/etcd/client.go:178.6,182.7 1 0
github.com/Quantixkvm/Quantixkvm/internal/repository/etcd/client.go:188.2,188.15 1 0
github.com/Quantixkvm/Quantixkvm/internal/repository/etcd/client.go:201.78,204.40 2 0
github.com/Quantixkvm/Quantixkvm/internal/repository/etcd/client.go:204.40,206.3 1 0
github.com/Quantixkvm/Quantixkvm/internal/repository/etcd/client.go:208.2,210.33 2 0
github.com/Quantixkvm/Quantixkvm/internal/repository/etcd/client.go:214.104,219.2 3 0
github.com/Quantixkvm/Quantixkvm/internal/repository/etcd/client.go:222.50,223.20 1 0
github.com/Quantixkvm/Quantixkvm/internal/repository/etcd/client.go:223.20,225.3 1 0
github.com/Quantixkvm/Quantixkvm/internal/repository/etcd/client.go:226.2,226.28 1 0
github.com/Quantixkvm/Quantixkvm/internal/repository/etcd/client.go:245.112,256.12 3 0
github.com/Quantixkvm/Quantixkvm/internal/repository/etcd/client.go:256.12,257.7 1 0
github.com/Quantixkvm/Quantixkvm/internal/repository/etcd/client.go:257.7,258.11 1 0
github.com/Quantixkvm/Quantixkvm/internal/repository/etcd/client.go:259.22,260.11 1 0
github.com/Quantixkvm/Quantixkvm/internal/repository/etcd/client.go:261.12,262.88 1 0
github.com/Quantixkvm/Quantixkvm/internal/repository/etcd/client.go:262.88,263.26 1 0
github.com/Quantixkvm/Quantixkvm/internal/repository/etcd/client.go:263.26,265.7 1 0
github.com/Quantixkvm/Quantixkvm/internal/repository/etcd/client.go:266.6,268.14 3 0
github.com/Quantixkvm/Quantixkvm/internal/repository/etcd/client.go:272.5,274.24 3 0
github.com/Quantixkvm/Quantixkvm/internal/repository/etcd/client.go:274.24,276.6 1 0
github.com/Quantixkvm/Quantixkvm/internal/repository/etcd/client.go:279.5,279.12 1 0
github.com/Quantixkvm/Quantixkvm/internal/repository/etcd/client.go:280.23,281.12 1 0
github.com/Quantixkvm/Quantixkvm/internal/repository/etcd/client.go:282.29,285.25 3 0
github.com/Quantixkvm/Quantixkvm/internal/repository/etcd/client.go:285.25,287.7 1 0
github.com/Quantixkvm/Quantixkvm/internal/repository/etcd/client.go:288.6,288.12 1 0
github.com/Quantixkvm/Quantixkvm/internal/repository/etcd/client.go:294.2,294.20 1 0
github.com/Quantixkvm/Quantixkvm/internal/repository/etcd/client.go:298.34,300.2 1 0
github.com/Quantixkvm/Quantixkvm/internal/repository/etcd/client.go:303.52,304.38 1 0
github.com/Quantixkvm/Quantixkvm/internal/repository/etcd/client.go:304.38,306.3 1 0
github.com/Quantixkvm/Quantixkvm/internal/repository/etcd/client.go:308.2,308.47 1 0
github.com/Quantixkvm/Quantixkvm/internal/repository/etcd/client.go:308.47,310.3 1 0
github.com/Quantixkvm/Quantixkvm/internal/repository/etcd/client.go:312.2,314.12 3 0
github.com/Quantixkvm/Quantixkvm/internal/repository/etcd/client.go:318.78,322.16 3 0
github.com/Quantixkvm/Quantixkvm/internal/repository/etcd/client.go:322.16,324.3 1 0
github.com/Quantixkvm/Quantixkvm/internal/repository/etcd/client.go:326.2,326.24 1 0
github.com/Quantixkvm/Quantixkvm/internal/repository/etcd/client.go:326.24,328.3 1 0
github.com/Quantixkvm/Quantixkvm/internal/repository/etcd/client.go:330.2,330.39 1 0
github.com/Quantixkvm/Quantixkvm/internal/repository/etcd/client.go:347.75,351.2 3 0
github.com/Quantixkvm/Quantixkvm/internal/repository/etcd/client.go:354.80,358.48 3 0
github.com/Quantixkvm/Quantixkvm/internal/repository/etcd/client.go:358.48,360.3 1 0
github.com/Quantixkvm/Quantixkvm/internal/repository/etcd/client.go:362.2,363.31 2 0
github.com/Quantixkvm/Quantixkvm/internal/repository/etcd/client.go:367.69,369.16 2 0
github.com/Quantixkvm/Quantixkvm/internal/repository/etcd/client.go:369.16,371.3 1 0
github.com/Quantixkvm/Quantixkvm/internal/repository/etcd/client.go:373.2,374.30 2 0
github.com/Quantixkvm/Quantixkvm/internal/repository/etcd/client.go:374.30,376.58 2 0
github.com/Quantixkvm/Quantixkvm/internal/repository/etcd/client.go:376.58,378.12 2 0
github.com/Quantixkvm/Quantixkvm/internal/repository/etcd/client.go:380.3,380.31 1 0
github.com/Quantixkvm/Quantixkvm/internal/repository/etcd/client.go:383.2,383.19 1 0
github.com/Quantixkvm/Quantixkvm/internal/repository/etcd/client.go:387.75,390.2 2 0
github.com/Quantixkvm/Quantixkvm/internal/drs/engine.go:86.11,96.2 1 0
github.com/Quantixkvm/Quantixkvm/internal/drs/engine.go:99.45,100.23 1 0
github.com/Quantixkvm/Quantixkvm/internal/drs/engine.go:100.23,103.3 2 0
github.com/Quantixkvm/Quantixkvm/internal/drs/engine.go:105.2,106.17 2 0
github.com/Quantixkvm/Quantixkvm/internal/drs/engine.go:106.17,109.3 2 0
github.com/Quantixkvm/Quantixkvm/internal/drs/engine.go:110.2,126.6 7 0
github.com/Quantixkvm/Quantixkvm/internal/drs/engine.go:126.6,127.10 1 0
github.com/Quantixkvm/Quantixkvm/internal/drs/engine.go:128.21,133.10 5 0
github.com/Quantixkvm/Quantixkvm/internal/drs/engine.go:134.19,135.22 1 0
github.com/Quantixkvm/Quantixkvm/internal/drs/engine.go:141.51,143.59 1 0
github.com/Quantixkvm/Quantixkvm/internal/drs/engine.go:143.59,146.3 2 0
github.com/Quantixkvm/Quantixkvm/internal/drs/engine.go:148.2,153.16 4 0
github.com/Quantixkvm/Quantixkvm/internal/drs/engine.go:153.16,156.3 2 0
github.com/Quantixkvm/Quantixkvm/internal/drs/engine.go:158.2,158.20 1 0
github.com/Quantixkvm/Quantixkvm/internal/drs/engine.go:158.20,161.3 2 0
github.com/Quantixkvm/Quantixkvm/internal/drs/engine.go:164.2,165.29 2 0
github.com/Quantixkvm/Quantixkvm/internal/drs/engine.go:165.29,168.3 2 0
github.com/Quantixkvm/Quantixkvm/internal/drs/engine.go:171.2,174.38 2 0
github.com/Quantixkvm/Quantixkvm/internal/drs/engine.go:174.38,175.58 1 0
github.com/Quantixkvm/Quantixkvm/internal/drs/engine.go:175.58,177.12 2 0
github.com/Quantixkvm/Quantixkvm/internal/drs/engine.go:180.3,190.87 2 0
github.com/Quantixkvm/Quantixkvm/internal/drs/engine.go:190.87,193.4 1 0
github.com/Quantixkvm/Quantixkvm/internal/drs/engine.go:197.2,197.83 1 0
github.com/Quantixkvm/Quantixkvm/internal/drs/engine.go:197.83,199.3 1 0
github.com/Quantixkvm/Quantixkvm/internal/drs/engine.go:201.2,208.3 4 0
github.com/Quantixkvm/Quantixkvm/internal/drs/engine.go:212.91,214.16 2 0
github.com/Quantixkvm/Quantixkvm/internal/drs/engine.go:214.16,217.3 2 0
github.com/Quantixkvm/Quantixkvm/internal/drs/engine.go:219.2,223.25 4 0
github.com/Quantixkvm/Quantixkvm/internal/drs/engine.go:223.25,224.92 1 0
github.com/Quantixkvm/Quantixkvm/internal/drs/engine.go:224.92,228.4 3 0
github.com/Quantixkvm/Quantixkvm/internal/drs/engine.go:231.2,235.18 4 0
github.com/Quantixkvm/Quantixkvm/internal/drs/engine.go:235.18,237.3 1 0
github.com/Quantixkvm/Quantixkvm/internal/drs/engine.go:239.2,240.21 2 0
github.com/Quantixkvm/Quantixkvm/internal/drs/engine.go:240.21,242.3 1 0
github.com/Quantixkvm/Quantixkvm/internal/drs/engine.go:244.2,254.3 1 0
github.com/Quantixkvm/Quantixkvm/internal/drs/engine.go:258.105,262.42 2 0
github.com/Quantixkvm/Quantixkvm/internal/drs/engine.go:262.42,264.3 1 0
github.com/Quantixkvm/Quantixkvm/internal/drs/engine.go:267.2,268.28 2 0
github.com/Quantixkvm/Quantixkvm/internal/drs/engine.go:268.28,269.107 1 0
github.com/Quantixkvm/Quantixkvm/internal/drs/engine.go:269.107,271.4 1 0
github.com/Quantixkvm/Quantixkvm/internal/drs/engine.go:271.9,271.120 1 0
github.com/Quantixkvm/Quantixkvm/internal/drs/engine.go:271.120,273.4 1 0
github.com/Quantixkvm/Quantixkvm/internal/drs/engine.go:277.2,277.36 1 0
github.com/Quantixkvm/Quantixkvm/internal/drs/engine.go:277.36,278.28 1 0
github.com/Quantixkvm/Quantixkvm/internal/drs/engine.go:278.28,279.9 1 0
github.com/Quantixkvm/Quantixkvm/internal/drs/engine.go:283.3,284.34 2 0
github.com/Quantixkvm/Quantixkvm/internal/drs/engine.go:284.34,285.12 1 0
github.com/Quantixkvm/Quantixkvm/internal/drs/engine.go:289.3,293.26 3 0
github.com/Quantixkvm/Quantixkvm/internal/drs/engine.go:293.26,294.48 1 0
github.com/Quantixkvm/Quantixkvm/internal/drs/engine.go:294.48,295.77 1 0
github.com/Quantixkvm/Quantixkvm/internal/drs/engine.go:295.77,297.6 1 0
github.com/Quantixkvm/Quantixkvm/internal/drs/engine.go:301.3,301.25 1 0
github.com/Quantixkvm/Quantixkvm/internal/drs/engine.go:301.25,302.12 1 0
github.com/Quantixkvm/Quantixkvm/internal/drs/engine.go:306.3,330.49 5 0
github.com/Quantixkvm/Quantixkvm/internal/drs/engine.go:333.2,333.24 1 0
github.com/Quantixkvm/Quantixkvm/internal/drs/engine.go:337.87,339.29 2 0
github.com/Quantixkvm/Quantixkvm/internal/drs/engine.go:339.29,341.3 1 0
github.com/Quantixkvm/Quantixkvm/internal/drs/engine.go:343.2,343.9 1 0
github.com/Quantixkvm/Quantixkvm/internal/drs/engine.go:344.24,345.36 1 0
github.com/Quantixkvm/Quantixkvm/internal/drs/engine.go:346.24,347.32 1 0
github.com/Quantixkvm/Quantixkvm/internal/drs/engine.go:348.24,349.34 1 0
github.com/Quantixkvm/Quantixkvm/internal/drs/engine.go:350.10,351.31 1 0
github.com/Quantixkvm/Quantixkvm/internal/drs/engine.go:356.60,357.116 1 0
github.com/Quantixkvm/Quantixkvm/internal/drs/engine.go:357.116,359.3 1 0
github.com/Quantixkvm/Quantixkvm/internal/drs/engine.go:359.8,359.63 1 0
github.com/Quantixkvm/Quantixkvm/internal/drs/engine.go:359.63,361.3 1 0
github.com/Quantixkvm/Quantixkvm/internal/drs/engine.go:361.8,363.3 1 0
github.com/Quantixkvm/Quantixkvm/internal/drs/engine.go:367.113,369.2 1 0
github.com/Quantixkvm/Quantixkvm/internal/drs/engine.go:372.119,374.16 2 0
github.com/Quantixkvm/Quantixkvm/internal/drs/engine.go:374.16,376.3 1 0
github.com/Quantixkvm/Quantixkvm/internal/drs/engine.go:378.2,379.38 2 0
github.com/Quantixkvm/Quantixkvm/internal/drs/engine.go:383.116,385.16 2 0
github.com/Quantixkvm/Quantixkvm/internal/drs/engine.go:385.16,387.3 1 0
github.com/Quantixkvm/Quantixkvm/internal/drs/engine.go:391.2,396.38 5 0
github.com/Quantixkvm/Quantixkvm/internal/drs/engine.go:400.106,402.16 2 0
github.com/Quantixkvm/Quantixkvm/internal/drs/engine.go:402.16,404.3 1 0
github.com/Quantixkvm/Quantixkvm/internal/drs/engine.go:406.2,407.38 2 0
github.com/Quantixkvm/Quantixkvm/internal/drs/engine.go:411.50,415.2 3 0
github.com/Quantixkvm/Quantixkvm/internal/drs/engine.go:418.35,422.2 3 0
github.com/Quantixkvm/Quantixkvm/internal/config/config.go:36.40,38.2 1 0
github.com/Quantixkvm/Quantixkvm/internal/config/config.go:54.38,59.2 1 0
github.com/Quantixkvm/Quantixkvm/internal/config/config.go:78.39,80.2 1 0
github.com/Quantixkvm/Quantixkvm/internal/config/config.go:129.47,136.22 3 0
github.com/Quantixkvm/Quantixkvm/internal/config/config.go:136.22,138.3 1 0
github.com/Quantixkvm/Quantixkvm/internal/config/config.go:138.8,143.3 4 0
github.com/Quantixkvm/Quantixkvm/internal/config/config.go:146.2,151.41 4 0
github.com/Quantixkvm/Quantixkvm/internal/config/config.go:151.41,152.56 1 0
github.com/Quantixkvm/Quantixkvm/internal/config/config.go:152.56,154.4 1 0
github.com/Quantixkvm/Quantixkvm/internal/config/config.go:159.2,160.42 2 0
github.com/Quantixkvm/Quantixkvm/internal/config/config.go:160.42,162.3 1 0
github.com/Quantixkvm/Quantixkvm/internal/config/config.go:164.2,164.18 1 0
github.com/Quantixkvm/Quantixkvm/internal/config/config.go:167.34,227.2 40 0
github.com/Quantixkvm/Quantixkvm/internal/services/storage/pool_converter.go:17.74,18.17 1 0
github.com/Quantixkvm/Quantixkvm/internal/services/storage/pool_converter.go:18.17,20.3 1 0
github.com/Quantixkvm/Quantixkvm/internal/services/storage/pool_converter.go:22.2,32.3 1 0
github.com/Quantixkvm/Quantixkvm/internal/services/storage/pool_converter.go:36.86,37.17 1 0
github.com/Quantixkvm/Quantixkvm/internal/services/storage/pool_converter.go:37.17,39.3 1 0
github.com/Quantixkvm/Quantixkvm/internal/services/storage/pool_converter.go:41.2,71.18 3 0
github.com/Quantixkvm/Quantixkvm/internal/services/storage/pool_converter.go:75.94,76.19 1 0
github.com/Quantixkvm/Quantixkvm/internal/services/storage/pool_converter.go:76.19,78.3 1 0
github.com/Quantixkvm/Quantixkvm/internal/services/storage/pool_converter.go:80.2,98.3 1 0
github.com/Quantixkvm/Quantixkvm/internal/services/storage/pool_converter.go:102.93,115.21 2 0
github.com/Quantixkvm/Quantixkvm/internal/services/storage/pool_converter.go:115.21,117.3 1 0
github.com/Quantixkvm/Quantixkvm/internal/services/storage/pool_converter.go:119.2,119.13 1 0
github.com/Quantixkvm/Quantixkvm/internal/services/storage/pool_converter.go:123.88,124.17 1 0
github.com/Quantixkvm/Quantixkvm/internal/services/storage/pool_converter.go:124.17,126.3 1 0
github.com/Quantixkvm/Quantixkvm/internal/services/storage/pool_converter.go:128.2,130.25 2 0
github.com/Quantixkvm/Quantixkvm/internal/services/storage/pool_converter.go:130.25,134.3 1 0
github.com/Quantixkvm/Quantixkvm/internal/services/storage/pool_converter.go:136.2,136.26 1 0
github.com/Quantixkvm/Quantixkvm/internal/services/storage/pool_converter.go:136.26,141.3 1 0
github.com/Quantixkvm/Quantixkvm/internal/services/storage/pool_converter.go:143.2,143.21 1 0
github.com/Quantixkvm/Quantixkvm/internal/services/storage/pool_converter.go:143.21,151.3 1 0
github.com/Quantixkvm/Quantixkvm/internal/services/storage/pool_converter.go:153.2,153.28 1 0
github.com/Quantixkvm/Quantixkvm/internal/services/storage/pool_converter.go:153.28,160.3 1 0
github.com/Quantixkvm/Quantixkvm/internal/services/storage/pool_converter.go:162.2,162.29 1 0
github.com/Quantixkvm/Quantixkvm/internal/services/storage/pool_converter.go:162.29,168.3 1 0
github.com/Quantixkvm/Quantixkvm/internal/services/storage/pool_converter.go:170.2,170.19 1 0
github.com/Quantixkvm/Quantixkvm/internal/services/storage/pool_converter.go:174.77,179.58 2 0
github.com/Quantixkvm/Quantixkvm/internal/services/storage/pool_converter.go:179.58,181.3 1 0
github.com/Quantixkvm/Quantixkvm/internal/services/storage/pool_converter.go:182.2,182.15 1 0
github.com/Quantixkvm/Quantixkvm/internal/services/storage/pool_converter.go:186.81,187.18 1 0
github.com/Quantixkvm/Quantixkvm/internal/services/storage/pool_converter.go:187.18,189.3 1 0
github.com/Quantixkvm/Quantixkvm/internal/services/storage/pool_converter.go:190.2,191.29 2 0
github.com/Quantixkvm/Quantixkvm/internal/services/storage/pool_converter.go:191.29,193.3 1 0
github.com/Quantixkvm/Quantixkvm/internal/services/storage/pool_converter.go:194.2,194.15 1 0
github.com/Quantixkvm/Quantixkvm/internal/services/storage/pool_service.go:24.75,29.2 1 0
github.com/Quantixkvm/Quantixkvm/internal/services/storage/pool_service.go:35.53,43.24 3 0
github.com/Quantixkvm/Quantixkvm/internal/services/storage/pool_service.go:43.24,45.3 1 0
github.com/Quantixkvm/Quantixkvm/internal/services/storage/pool_service.go:48.2,53.16 4 0
github.com/Quantixkvm/Quantixkvm/internal/services/storage/pool_service.go:53.16,55.37 2 0
github.com/Quantixkvm/Quantixkvm/internal/services/storage/pool_service.go:55.37,57.4 1 0
github.com/Quantixkvm/Quantixkvm/internal/services/storage/pool_service.go:58.3,58.58 1 0
github.com/Quantixkvm/Quantixkvm/internal/services/storage/pool_service.go:62.2,67.85 3 0
github.com/Quantixkvm/Quantixkvm/internal/services/storage/pool_service.go:67.85,69.3 1 0
github.com/Quantixkvm/Quantixkvm/internal/services/storage/pool_service.go:71.2,72.66 2 0
github.com/Quantixkvm/Quantixkvm/internal/services/storage/pool_service.go:79.53,87.16 4 0
github.com/Quantixkvm/Quantixkvm/internal/services/storage/pool_service.go:87.16,89.32 2 0
github.com/Quantixkvm/Quantixkvm/internal/services/storage/pool_service.go:89.32,91.4 1 0
github.com/Quantixkvm/Quantixkvm/internal/services/storage/pool_service.go:92.3,92.58 1 0
github.com/Quantixkvm/Quantixkvm/internal/services/storage/pool_service.go:95.2,95.59 1 0
github.com/Quantixkvm/Quantixkvm/internal/services/storage/pool_service.go:102.59,108.16 5 0
github.com/Quantixkvm/Quantixkvm/internal/services/storage/pool_service.go:108.16,110.3 1 0
github.com/Quantixkvm/Quantixkvm/internal/services/storage/pool_service.go:111.2,114.16 3 0
github.com/Quantixkvm/Quantixkvm/internal/services/storage/pool_service.go:114.16,117.3 2 0
github.com/Quantixkvm/Quantixkvm/internal/services/storage/pool_service.go:119.2,122.9 1 0
github.com/Quantixkvm/Quantixkvm/internal/services/storage/pool_service.go:129.53,138.16 4 0
github.com/Quantixkvm/Quantixkvm/internal/services/storage/pool_service.go:138.16,140.32 2 0
github.com/Quantixkvm/Quantixkvm/internal/services/storage/pool_service.go:140.32,142.4 1 0
github.com/Quantixkvm/Quantixkvm/internal/services/storage/pool_service.go:143.3,143.58 1 0
github.com/Quantixkvm/Quantixkvm/internal/services/storage/pool_service.go:147.2,147.31 1 0
github.com/Quantixkvm/Quantixkvm/internal/services/storage/pool_service.go:147.31,149.3 1 0
github.com/Quantixkvm/Quantixkvm/internal/services/storage/pool_service.go:150.2,150.27 1 0
github.com/Quantixkvm/Quantixkvm/internal/services/storage/pool_service.go:150.27,152.3 1 0
github.com/Quantixkvm/Quantixkvm/internal/services/storage/pool_service.go:153.2,153.25 1 0
github.com/Quantixkvm/Quantixkvm/internal/services/storage/pool_service.go:153.25,155.3 1 0
github.com/Quantixkvm/Quantixkvm/internal/services/storage/pool_service.go:156.2,160.16 3 0
github.com/Quantixkvm/Quantixkvm/internal/services/storage/pool_service.go:160.16,163.3 2 0
github.com/Quantixkvm/Quantixkvm/internal/services/storage/pool_service.go:165.2,166.66 2 0
github.com/Quantixkvm/Quantixkvm/internal/services/storage/pool_service.go:173.45,183.55 3 0
github.com/Quantixkvm/Quantixkvm/internal/services/storage/pool_service.go:183.55,185.32 2 0
github.com/Quantixkvm/Quantixkvm/internal/services/storage/pool_service.go:185.32,187.4 1 0
github.com/Quantixkvm/Quantixkvm/internal/services/storage/pool_service.go:188.3,188.58 1 0
github.com/Quantixkvm/Quantixkvm/internal/services/storage/pool_service.go:191.2,192.51 2 0
github.com/Quantixkvm/Quantixkvm/internal/services/storage/pool_service.go:199.53,207.16 4 0
github.com/Quantixkvm/Quantixkvm/internal/services/storage/pool_service.go:207.16,209.32 2 0
github.com/Quantixkvm/Quantixkvm/internal/services/storage/pool_service.go:209.32,211.4 1 0
github.com/Quantixkvm/Quantixkvm/internal/services/storage/pool_service.go:212.3,212.58 1 0
github.com/Quantixkvm/Quantixkvm/internal/services/storage/pool_service.go:215.2,230.42 2 0
github.com/Quantixkvm/Quantixkvm/internal/services/storage/volume_converter.go:17.65,18.16 1 0
github.com/Quantixkvm/Quantixkvm/internal/services/storage/volume_converter.go:18.16,20.3 1 0
github.com/Quantixkvm/Quantixkvm/internal/services/storage/volume_converter.go:22.2,32.3 1 0
github.com/Quantixkvm/Quantixkvm/internal/services/storage/volume_converter.go:36.78,37.17 1 0
github.com/Quantixkvm/Quantixkvm/internal/services/storage/volume_converter.go:37.17,39.3 1 0
github.com/Quantixkvm/Quantixkvm/internal/services/storage/volume_converter.go:41.2,62.18 2 0
github.com/Quantixkvm/Quantixkvm/internal/services/storage/volume_converter.go:66.86,67.19 1 0
github.com/Quantixkvm/Quantixkvm/internal/services/storage/volume_converter.go:67.19,69.3 1 0
github.com/Quantixkvm/Quantixkvm/internal/services/storage/volume_converter.go:71.2,88.3 1 0
github.com/Quantixkvm/Quantixkvm/internal/services/storage/volume_converter.go:92.92,105.21 2 0
github.com/Quantixkvm/Quantixkvm/internal/services/storage/volume_converter.go:105.21,107.3 1 0
github.com/Quantixkvm/Quantixkvm/internal/services/storage/volume_converter.go:109.2,109.12 1 0
github.com/Quantixkvm/Quantixkvm/internal/services/storage/volume_converter.go:113.80,114.17 1 0
github.com/Quantixkvm/Quantixkvm/internal/services/storage/volume_converter.go:114.17,116.3 1 0
github.com/Quantixkvm/Quantixkvm/internal/services/storage/volume_converter.go:118.2,124.21 2 0
github.com/Quantixkvm/Quantixkvm/internal/services/storage/volume_converter.go:124.21,134.3 1 0
github.com/Quantixkvm/Quantixkvm/internal/services/storage/volume_converter.go:136.2,136.28 1 0
github.com/Quantixkvm/Quantixkvm/internal/services/storage/volume_converter.go:136.28,143.3 1 0
github.com/Quantixkvm/Quantixkvm/internal/services/storage/volume_converter.go:146.2,146.24 1 0
github.com/Quantixkvm/Quantixkvm/internal/services/storage/volume_converter.go:146.24,147.41 1 0
github.com/Quantixkvm/Quantixkvm/internal/services/storage/volume_converter.go:148.38,152.5 1 0
github.com/Quantixkvm/Quantixkvm/internal/services/storage/volume_converter.go:153.38,157.5 1 0
github.com/Quantixkvm/Quantixkvm/internal/services/storage/volume_converter.go:158.41,162.5 1 0
github.com/Quantixkvm/Quantixkvm/internal/services/storage/volume_converter.go:163.38,167.5 1 0
github.com/Quantixkvm/Quantixkvm/internal/services/storage/volume_converter.go:171.2,171.19 1 0
github.com/Quantixkvm/Quantixkvm/internal/services/storage/volume_converter.go:175.83,182.49 2 0
github.com/Quantixkvm/Quantixkvm/internal/services/storage/volume_converter.go:182.49,184.3 1 0
github.com/Quantixkvm/Quantixkvm/internal/services/storage/volume_converter.go:185.2,185.15 1 0
github.com/Quantixkvm/Quantixkvm/internal/services/storage/volume_converter.go:189.75,190.20 1 0
github.com/Quantixkvm/Quantixkvm/internal/services/storage/volume_converter.go:190.20,192.3 1 0
github.com/Quantixkvm/Quantixkvm/internal/services/storage/volume_converter.go:193.2,194.30 2 0
github.com/Quantixkvm/Quantixkvm/internal/services/storage/volume_converter.go:194.30,196.3 1 0
github.com/Quantixkvm/Quantixkvm/internal/services/storage/volume_converter.go:197.2,197.15 1 0
github.com/Quantixkvm/Quantixkvm/internal/services/storage/volume_service.go:25.106,31.2 1 0
github.com/Quantixkvm/Quantixkvm/internal/services/storage/volume_service.go:37.48,46.24 3 0
github.com/Quantixkvm/Quantixkvm/internal/services/storage/volume_service.go:46.24,48.3 1 0
github.com/Quantixkvm/Quantixkvm/internal/services/storage/volume_service.go:49.2,49.26 1 0
github.com/Quantixkvm/Quantixkvm/internal/services/storage/volume_service.go:49.26,51.3 1 0
github.com/Quantixkvm/Quantixkvm/internal/services/storage/volume_service.go:52.2,52.63 1 0
github.com/Quantixkvm/Quantixkvm/internal/services/storage/volume_service.go:52.63,54.3 1 0
github.com/Quantixkvm/Quantixkvm/internal/services/storage/volume_service.go:57.2,58.16 2 0
github.com/Quantixkvm/Quantixkvm/internal/services/storage/volume_service.go:58.16,59.32 1 0
github.com/Quantixkvm/Quantixkvm/internal/services/storage/volume_service.go:59.32,61.4 1 0
github.com/Quantixkvm/Quantixkvm/internal/services/storage/volume_service.go:62.3,62.58 1 0
github.com/Quantixkvm/Quantixkvm/internal/services/storage/volume_service.go:66.2,72.16 5 0
github.com/Quantixkvm/Quantixkvm/internal/services/storage/volume_service.go:72.16,74.37 2 0
github.com/Quantixkvm/Quantixkvm/internal/services/storage/volume_service.go:74.37,76.4 1 0
github.com/Quantixkvm/Quantixkvm/internal/services/storage/volume_service.go:77.3,77.58 1 0
github.com/Quantixkvm/Quantixkvm/internal/services/storage/volume_service.go:81.2,82.83 2 0
github.com/Quantixkvm/Quantixkvm/internal/services/storage/volume_service.go:82.83,84.3 1 0
github.com/Quantixkvm/Quantixkvm/internal/services/storage/volume_service.go:86.2,87.67 2 0
github.com/Quantixkvm/Quantixkvm/internal/services/storage/volume_service.go:94.48,102.16 4 0
github.com/Quantixkvm/Quantixkvm/internal/services/storage/volume_service.go:102.16,104.32 2 0
github.com/Quantixkvm/Quantixkvm/internal/services/storage/volume_service.go:104.32,106.4 1 0
github.com/Quantixkvm/Quantixkvm/internal/services/storage/volume_service.go:107.3,107.58 1 0
github.com/Quantixkvm/Quantixkvm/internal/services/storage/volume_service.go:110.2,110.60 1 0
github.com/Quantixkvm/Quantixkvm/internal/services/storage/volume_service.go:117.61,123.16 5 0
github.com/Quantixkvm/Quantixkvm/internal/services/storage/volume_service.go:123.16,125.3 1 0
github.com/Quantixkvm/Quantixkvm/internal/services/storage/volume_service.go:127.2,128.16 2 0
github.com/Quantixkvm/Quantixkvm/internal/services/storage/volume_service.go:128.16,131.3 2 0
github.com/Quantixkvm/Quantixkvm/internal/services/storage/volume_service.go:133.2,136.9 1 0
github.com/Quantixkvm/Quantixkvm/internal/services/storage/volume_service.go:143.48,151.16 4 0
github.com/Quantixkvm/Quantixkvm/internal/services/storage/volume_service.go:151.16,152.32 1 0
github.com/Quantixkvm/Quantixkvm/internal/services/storage/volume_service.go:152.32,154.4 1 0
github.com/Quantixkvm/Quantixkvm/internal/services/storage/volume_service.go:155.3,155.58 1 0
github.com/Quantixkvm/Quantixkvm/internal/services/storage/volume_service.go:159.2,159.27 1 0
github.com/Quantixkvm/Quantixkvm/internal/services/storage/volume_service.go:159.27,161.3 1 0
github.com/Quantixkvm/Quantixkvm/internal/services/storage/volume_service.go:162.2,162.52 1 0
github.com/Quantixkvm/Quantixkvm/internal/services/storage/volume_service.go:162.52,172.3 1 0
github.com/Quantixkvm/Quantixkvm/internal/services/storage/volume_service.go:173.2,176.16 3 0
github.com/Quantixkvm/Quantixkvm/internal/services/storage/volume_service.go:176.16,179.3 2 0
github.com/Quantixkvm/Quantixkvm/internal/services/storage/volume_service.go:181.2,182.67 2 0
github.com/Quantixkvm/Quantixkvm/internal/services/storage/volume_service.go:189.45,198.16 4 0
github.com/Quantixkvm/Quantixkvm/internal/services/storage/volume_service.go:198.16,199.32 1 0
github.com/Quantixkvm/Quantixkvm/internal/services/storage/volume_service.go:199.32,201.4 1 0
github.com/Quantixkvm/Quantixkvm/internal/services/storage/volume_service.go:202.3,202.58 1 0
github.com/Quantixkvm/Quantixkvm/internal/services/storage/volume_service.go:205.2,205.40 1 0
github.com/Quantixkvm/Quantixkvm/internal/services/storage/volume_service.go:205.40,208.3 1 0
github.com/Quantixkvm/Quantixkvm/internal/services/storage/volume_service.go:210.2,210.55 1 0
github.com/Quantixkvm/Quantixkvm/internal/services/storage/volume_service.go:210.55,213.3 2 0
github.com/Quantixkvm/Quantixkvm/internal/services/storage/volume_service.go:215.2,216.51 2 0
github.com/Quantixkvm/Quantixkvm/internal/services/storage/volume_service.go:223.48,232.16 4 0
github.com/Quantixkvm/Quantixkvm/internal/services/storage/volume_service.go:232.16,233.32 1 0
github.com/Quantixkvm/Quantixkvm/internal/services/storage/volume_service.go:233.32,235.4 1 0
github.com/Quantixkvm/Quantixkvm/internal/services/storage/volume_service.go:236.3,236.58 1 0
github.com/Quantixkvm/Quantixkvm/internal/services/storage/volume_service.go:240.2,240.48 1 0
github.com/Quantixkvm/Quantixkvm/internal/services/storage/volume_service.go:240.48,243.3 1 0
github.com/Quantixkvm/Quantixkvm/internal/services/storage/volume_service.go:246.2,251.16 5 0
github.com/Quantixkvm/Quantixkvm/internal/services/storage/volume_service.go:251.16,254.3 2 0
github.com/Quantixkvm/Quantixkvm/internal/services/storage/volume_service.go:256.2,257.67 2 0
github.com/Quantixkvm/Quantixkvm/internal/services/storage/volume_service.go:264.48,273.16 4 0
github.com/Quantixkvm/Quantixkvm/internal/services/storage/volume_service.go:273.16,274.32 1 0
github.com/Quantixkvm/Quantixkvm/internal/services/storage/volume_service.go:274.32,276.4 1 0
github.com/Quantixkvm/Quantixkvm/internal/services/storage/volume_service.go:277.3,277.58 1 0
github.com/Quantixkvm/Quantixkvm/internal/services/storage/volume_service.go:280.2,280.22 1 0
github.com/Quantixkvm/Quantixkvm/internal/services/storage/volume_service.go:280.22,283.3 1 0
github.com/Quantixkvm/Quantixkvm/internal/services/storage/volume_service.go:286.2,288.33 3 0
github.com/Quantixkvm/Quantixkvm/internal/services/storage/volume_service.go:288.33,290.3 1 0
github.com/Quantixkvm/Quantixkvm/internal/services/storage/volume_service.go:291.2,294.69 3 0
github.com/Quantixkvm/Quantixkvm/internal/services/storage/volume_service.go:294.69,297.3 2 0
github.com/Quantixkvm/Quantixkvm/internal/services/storage/volume_service.go:299.2,302.60 2 0
github.com/Quantixkvm/Quantixkvm/internal/services/storage/volume_service.go:309.48,317.16 4 0
github.com/Quantixkvm/Quantixkvm/internal/services/storage/volume_service.go:317.16,318.32 1 0
github.com/Quantixkvm/Quantixkvm/internal/services/storage/volume_service.go:318.32,320.4 1 0
github.com/Quantixkvm/Quantixkvm/internal/services/storage/volume_service.go:321.3,321.58 1 0
github.com/Quantixkvm/Quantixkvm/internal/services/storage/volume_service.go:324.2,324.23 1 0
github.com/Quantixkvm/Quantixkvm/internal/services/storage/volume_service.go:324.23,326.3 1 0
github.com/Quantixkvm/Quantixkvm/internal/services/storage/volume_service.go:329.2,334.69 5 0
github.com/Quantixkvm/Quantixkvm/internal/services/storage/volume_service.go:334.69,337.3 2 0
github.com/Quantixkvm/Quantixkvm/internal/services/storage/volume_service.go:339.2,340.60 2 0
github.com/Quantixkvm/Quantixkvm/internal/services/storage/volume_service.go:347.48,357.16 4 0
github.com/Quantixkvm/Quantixkvm/internal/services/storage/volume_service.go:357.16,358.32 1 0
github.com/Quantixkvm/Quantixkvm/internal/services/storage/volume_service.go:358.32,360.4 1 0
github.com/Quantixkvm/Quantixkvm/internal/services/storage/volume_service.go:361.3,361.58 1 0
github.com/Quantixkvm/Quantixkvm/internal/services/storage/volume_service.go:365.2,383.27 3 0
github.com/Quantixkvm/Quantixkvm/internal/services/storage/volume_service.go:383.27,385.3 1 0
github.com/Quantixkvm/Quantixkvm/internal/services/storage/volume_service.go:387.2,388.16 2 0
github.com/Quantixkvm/Quantixkvm/internal/services/storage/volume_service.go:388.16,391.3 2 0
github.com/Quantixkvm/Quantixkvm/internal/services/storage/volume_service.go:393.2,396.69 2 0
github.com/Quantixkvm/Quantixkvm/internal/services/storage/volume_service.go:403.55,411.16 4 0
github.com/Quantixkvm/Quantixkvm/internal/services/storage/volume_service.go:411.16,412.32 1 0
github.com/Quantixkvm/Quantixkvm/internal/services/storage/volume_service.go:412.32,414.4 1 0
github.com/Quantixkvm/Quantixkvm/internal/services/storage/volume_service.go:415.3,415.58 1 0
github.com/Quantixkvm/Quantixkvm/internal/services/storage/volume_service.go:418.2,430.42 2 0
github.com/Quantixkvm/Quantixkvm/internal/services/alert/service.go:50.89,56.2 1 0
github.com/Quantixkvm/Quantixkvm/internal/services/alert/service.go:59.186,72.16 3 0
github.com/Quantixkvm/Quantixkvm/internal/services/alert/service.go:72.16,74.3 1 0
github.com/Quantixkvm/Quantixkvm/internal/services/alert/service.go:76.2,85.24 2 0
github.com/Quantixkvm/Quantixkvm/internal/services/alert/service.go:85.24,86.81 1 0
github.com/Quantixkvm/Quantixkvm/internal/services/alert/service.go:86.81,88.4 1 0
github.com/Quantixkvm/Quantixkvm/internal/services/alert/service.go:91.2,91.21 1 0
github.com/Quantixkvm/Quantixkvm/internal/services/alert/service.go:95.83,97.2 1 0
github.com/Quantixkvm/Quantixkvm/internal/services/alert/service.go:100.120,102.2 1 0
github.com/Quantixkvm/Quantixkvm/internal/services/alert/service.go:105.107,107.16 2 0
github.com/Quantixkvm/Quantixkvm/internal/services/alert/service.go:107.16,109.3 1 0
github.com/Quantixkvm/Quantixkvm/internal/services/alert/service.go:111.2,111.24 1 0
github.com/Quantixkvm/Quantixkvm/internal/services/alert/service.go:111.24,113.3 1 0
github.com/Quantixkvm/Quantixkvm/internal/services/alert/service.go:115.2,121.16 6 0
github.com/Quantixkvm/Quantixkvm/internal/services/alert/service.go:121.16,123.3 1 0
github.com/Quantixkvm/Quantixkvm/internal/services/alert/service.go:125.2,130.24 2 0
github.com/Quantixkvm/Quantixkvm/internal/services/alert/service.go:130.24,132.3 1 0
github.com/Quantixkvm/Quantixkvm/internal/services/alert/service.go:134.2,134.21 1 0
github.com/Quantixkvm/Quantixkvm/internal/services/alert/service.go:138.87,140.16 2 0
github.com/Quantixkvm/Quantixkvm/internal/services/alert/service.go:140.16,142.3 1 0
github.com/Quantixkvm/Quantixkvm/internal/services/alert/service.go:144.2,144.20 1 0
github.com/Quantixkvm/Quantixkvm/internal/services/alert/service.go:144.20,146.3 1 0
github.com/Quantixkvm/Quantixkvm/internal/services/alert/service.go:148.2,153.16 5 0
github.com/Quantixkvm/Quantixkvm/internal/services/alert/service.go:153.16,155.3 1 0
github.com/Quantixkvm/Quantixkvm/internal/services/alert/service.go:157.2,159.24 2 0
github.com/Quantixkvm/Quantixkvm/internal/services/alert/service.go:159.24,161.3 1 0
github.com/Quantixkvm/Quantixkvm/internal/services/alert/service.go:163.2,163.21 1 0
github.com/Quantixkvm/Quantixkvm/internal/services/alert/service.go:167.69,169.2 1 0
github.com/Quantixkvm/Quantixkvm/internal/services/alert/service.go:172.116,174.2 1 0
github.com/Quantixkvm/Quantixkvm/internal/services/alert/service.go:177.79,179.16 2 0
github.com/Quantixkvm/Quantixkvm/internal/services/alert/service.go:179.16,181.3 1 0
github.com/Quantixkvm/Quantixkvm/internal/services/alert/service.go:183.2,187.8 1 0
github.com/Quantixkvm/Quantixkvm/internal/services/alert/service.go:202.139,204.2 1 0
github.com/Quantixkvm/Quantixkvm/internal/services/alert/service.go:207.145,209.2 1 0
github.com/Quantixkvm/Quantixkvm/internal/services/alert/service.go:212.154,214.2 1 0
github.com/Quantixkvm/Quantixkvm/internal/services/alert/service.go:217.154,219.2 1 0
github.com/Quantixkvm/Quantixkvm/internal/services/alert/service.go:222.129,224.2 1 0
